Change Component Designator: Old Designator=*2 New Designator=*3
Change Component Designator: Old Designator=*3 New Designator=*2
Change Component Designator: Old Designator=* New Designator=*1
Change Component Designator: Old Designator=C7 New Designator=C2
Change Component Designator: Old Designator=C8 New Designator=C3
Change Component Designator: Old Designator=C9 New Designator=C11
Change Component Designator: Old Designator=C10 New Designator=C12
Change Component Designator: Old Designator=C11 New Designator=C13
Change Component Designator: Old Designator=C12 New Designator=C14
Change Component Designator: Old Designator=C13 New Designator=C15
Change Component Designator: Old Designator=C14 New Designator=C16
Change Component Designator: Old Designator=C15 New Designator=C17
Change Component Designator: Old Designator=C16 New Designator=C18
Change Component Designator: Old Designator=C17 New Designator=C19
Change Component Designator: Old Designator=C18 New Designator=C4
Change Component Designator: Old Designator=C19 New Designator=C6
Change Component Designator: Old Designator=C21 New Designator=C8
Change Component Designator: Old Designator=C27 New Designator=C20
Change Component Designator: Old Designator=C30 New Designator=C1
Change Component Designator: Old Designator=C31 New Designator=C7
Change Component Designator: Old Designator=C32 New Designator=C9
Change Component Designator: Old Designator=C33 New Designator=C10
Change Component Designator: Old Designator=C37 New Designator=C5
Change Component Designator: Old Designator=D1 New Designator=D6
Change Component Designator: Old Designator=D2 New Designator=D1
Change Component Designator: Old Designator=D2 New Designator=D7
Change Component Designator: Old Designator=D2 New Designator=D8
Change Component Designator: Old Designator=D2 New Designator=D14
Change Component Designator: Old Designator=D2 New Designator=D22
Change Component Designator: Old Designator=D3 New Designator=D9
Change Component Designator: Old Designator=D3 New Designator=D15
Change Component Designator: Old Designator=D3 New Designator=D16
Change Component Designator: Old Designator=D3 New Designator=D23
Change Component Designator: Old Designator=D3 New Designator=D24
Change Component Designator: Old Designator=D3 New Designator=D30
Change Component Designator: Old Designator=D4 New Designator=D17
Change Component Designator: Old Designator=D4 New Designator=D25
Change Component Designator: Old Designator=D4 New Designator=D31
Change Component Designator: Old Designator=D4 New Designator=D32
Change Component Designator: Old Designator=D5 New Designator=D33
Change Component Designator: Old Designator=D? New Designator=D2
Change Component Designator: Old Designator=D? New Designator=D3
Change Component Designator: Old Designator=D? New Designator=D4
Change Component Designator: Old Designator=D? New Designator=D5
Change Component Designator: Old Designator=D? New Designator=D10
Change Component Designator: Old Designator=D? New Designator=D11
Change Component Designator: Old Designator=D? New Designator=D12
Change Component Designator: Old Designator=D? New Designator=D13
Change Component Designator: Old Designator=D? New Designator=D18
Change Component Designator: Old Designator=D? New Designator=D19
Change Component Designator: Old Designator=D? New Designator=D20
Change Component Designator: Old Designator=D? New Designator=D21
Change Component Designator: Old Designator=D? New Designator=D26
Change Component Designator: Old Designator=D? New Designator=D27
Change Component Designator: Old Designator=D? New Designator=D28
Change Component Designator: Old Designator=D? New Designator=D29
Change Component Designator: Old Designator=HD? New Designator=HD2
Change Component Designator: Old Designator=HD? New Designator=HD3
Change Component Designator: Old Designator=HD? New Designator=HD4
Change Component Designator: Old Designator=HD? New Designator=HD5
Change Component Designator: Old Designator=HD? New Designator=HD6
Change Component Designator: Old Designator=HD? New Designator=HD7
Change Component Designator: Old Designator=HD? New Designator=HD8
Change Component Designator: Old Designator=HD? New Designator=HD9
Change Component Designator: Old Designator=HD? New Designator=HD10
Change Component Designator: Old Designator=HD? New Designator=HD11
Change Component Designator: Old Designator=HD? New Designator=HD12
Change Component Designator: Old Designator=HD? New Designator=HD13
Change Component Designator: Old Designator=HD? New Designator=HD14
Change Component Designator: Old Designator=HD? New Designator=HD15
Change Component Designator: Old Designator=HD? New Designator=HD16
Change Component Designator: Old Designator=HD? New Designator=HD17
Change Component Designator: Old Designator=JP2 New Designator=JP3
Change Component Designator: Old Designator=JP6 New Designator=JP1
Change Component Designator: Old Designator=JP7 New Designator=JP2
Change Component Designator: Old Designator=P3 New Designator=P1
Change Component Designator: Old Designator=Q2 New Designator=Q3
Change Component Designator: Old Designator=Q2 New Designator=Q5
Change Component Designator: Old Designator=Q2 New Designator=Q9
Change Component Designator: Old Designator=Q3 New Designator=Q4
Change Component Designator: Old Designator=Q3 New Designator=Q6
Change Component Designator: Old Designator=Q3 New Designator=Q7
Change Component Designator: Old Designator=Q3 New Designator=Q10
Change Component Designator: Old Designator=Q3 New Designator=Q11
Change Component Designator: Old Designator=Q3 New Designator=Q13
Change Component Designator: Old Designator=Q4 New Designator=Q8
Change Component Designator: Old Designator=Q4 New Designator=Q12
Change Component Designator: Old Designator=Q4 New Designator=Q14
Change Component Designator: Old Designator=Q4 New Designator=Q15
Change Component Designator: Old Designator=Q5 New Designator=Q16
Change Component Designator: Old Designator=R1 New Designator=R8
Change Component Designator: Old Designator=R2 New Designator=R1
Change Component Designator: Old Designator=R2 New Designator=R9
Change Component Designator: Old Designator=R2 New Designator=R10
Change Component Designator: Old Designator=R2 New Designator=R12
Change Component Designator: Old Designator=R2 New Designator=R20
Change Component Designator: Old Designator=R2 New Designator=R32
Change Component Designator: Old Designator=R3 New Designator=R11
Change Component Designator: Old Designator=R3 New Designator=R13
Change Component Designator: Old Designator=R3 New Designator=R14
Change Component Designator: Old Designator=R3 New Designator=R16
Change Component Designator: Old Designator=R3 New Designator=R21
Change Component Designator: Old Designator=R3 New Designator=R22
Change Component Designator: Old Designator=R3 New Designator=R24
Change Component Designator: Old Designator=R3 New Designator=R33
Change Component Designator: Old Designator=R3 New Designator=R34
Change Component Designator: Old Designator=R3 New Designator=R36
Change Component Designator: Old Designator=R3 New Designator=R44
Change Component Designator: Old Designator=R4 New Designator=R15
Change Component Designator: Old Designator=R4 New Designator=R17
Change Component Designator: Old Designator=R4 New Designator=R18
Change Component Designator: Old Designator=R4 New Designator=R23
Change Component Designator: Old Designator=R4 New Designator=R25
Change Component Designator: Old Designator=R4 New Designator=R26
Change Component Designator: Old Designator=R4 New Designator=R28
Change Component Designator: Old Designator=R4 New Designator=R35
Change Component Designator: Old Designator=R4 New Designator=R37
Change Component Designator: Old Designator=R4 New Designator=R38
Change Component Designator: Old Designator=R4 New Designator=R40
Change Component Designator: Old Designator=R4 New Designator=R45
Change Component Designator: Old Designator=R4 New Designator=R46
Change Component Designator: Old Designator=R4 New Designator=R48
Change Component Designator: Old Designator=R5 New Designator=R19
Change Component Designator: Old Designator=R5 New Designator=R27
Change Component Designator: Old Designator=R5 New Designator=R29
Change Component Designator: Old Designator=R5 New Designator=R30
Change Component Designator: Old Designator=R5 New Designator=R39
Change Component Designator: Old Designator=R5 New Designator=R41
Change Component Designator: Old Designator=R5 New Designator=R42
Change Component Designator: Old Designator=R5 New Designator=R47
Change Component Designator: Old Designator=R5 New Designator=R49
Change Component Designator: Old Designator=R5 New Designator=R50
Change Component Designator: Old Designator=R5 New Designator=R52
Change Component Designator: Old Designator=R6 New Designator=R31
Change Component Designator: Old Designator=R6 New Designator=R43
Change Component Designator: Old Designator=R6 New Designator=R51
Change Component Designator: Old Designator=R6 New Designator=R53
Change Component Designator: Old Designator=R6 New Designator=R54
Change Component Designator: Old Designator=R7 New Designator=R55
Change Component Designator: Old Designator=R13 New Designator=R4
Change Component Designator: Old Designator=R22 New Designator=R2
Change Component Designator: Old Designator=R23 New Designator=R6
Change Component Designator: Old Designator=R24 New Designator=R7
Change Component Designator: Old Designator=R25 New Designator=R5
Change Component Designator: Old Designator=R26 New Designator=R3
Change Component Designator: Old Designator=R27 New Designator=R56
Change Component Designator: Old Designator=R28 New Designator=R57
Change Component Designator: Old Designator=R29 New Designator=R58
Change Component Designator: Old Designator=R30 New Designator=R60
Change Component Designator: Old Designator=R31 New Designator=R61
Change Component Designator: Old Designator=R32 New Designator=R62
Change Component Designator: Old Designator=R33 New Designator=R59
Change Component Designator: Old Designator=R36 New Designator=R63
Change Component Designator: Old Designator=RL? New Designator=RL1
Change Component Designator: Old Designator=RL? New Designator=RL2
Change Component Designator: Old Designator=RL? New Designator=RL3
Change Component Designator: Old Designator=RL? New Designator=RL4
Change Component Designator: Old Designator=RL? New Designator=RL5
Change Component Designator: Old Designator=RL? New Designator=RL6
Change Component Designator: Old Designator=RL? New Designator=RL7
Change Component Designator: Old Designator=RL? New Designator=RL8
Change Component Designator: Old Designator=RL? New Designator=RL9
Change Component Designator: Old Designator=RL? New Designator=RL10
Change Component Designator: Old Designator=RL? New Designator=RL11
Change Component Designator: Old Designator=RL? New Designator=RL12
Change Component Designator: Old Designator=RL? New Designator=RL13
Change Component Designator: Old Designator=RL? New Designator=RL14
Change Component Designator: Old Designator=RL? New Designator=RL15
Change Component Designator: Old Designator=RL? New Designator=RL16
Change Component Designator: Old Designator=U1 New Designator=U5
Change Component Designator: Old Designator=U2 New Designator=U6
Change Component Designator: Old Designator=U2 New Designator=U7
Change Component Designator: Old Designator=U2 New Designator=U9
Change Component Designator: Old Designator=U2 New Designator=U13
Change Component Designator: Old Designator=U3 New Designator=U8
Change Component Designator: Old Designator=U3 New Designator=U10
Change Component Designator: Old Designator=U3 New Designator=U11
Change Component Designator: Old Designator=U3 New Designator=U14
Change Component Designator: Old Designator=U3 New Designator=U15
Change Component Designator: Old Designator=U3 New Designator=U17
Change Component Designator: Old Designator=U4 New Designator=U1
Change Component Designator: Old Designator=U4 New Designator=U12
Change Component Designator: Old Designator=U4 New Designator=U16
Change Component Designator: Old Designator=U4 New Designator=U18
Change Component Designator: Old Designator=U4 New Designator=U19
Change Component Designator: Old Designator=U5 New Designator=U20
Change Component Designator: Old Designator=U7 New Designator=U3
Change Component Designator: Old Designator=U8 New Designator=U4
Change Component Designator: Old Designator=U10 New Designator=U2
Change Component Designator: Old Designator=U11 New Designator=U21
Change Component Designator: Old Designator=U12 New Designator=U22
Change Component Designator: Old Designator=U13 New Designator=U23
Change Component Designator: Old Designator=U14 New Designator=U24
