Removed Pin From Net: NetName=ULN_OUT2 Pin=D4-1
Removed Pin From Net: NetName=ULN_OUT3 Pin=D5-1
Removed Pin From Net: NetName=ULN_OUT2 Pin=D6-1
Removed Pin From Net: NetName=ULN_OUT2 Pin=D10-2
Removed Pin From Net: NetName=ULN_OUT3 Pin=D11-2
Removed Pin From Net: NetName=ULN_OUT2 Pin=D12-2
Removed Pin From Net: NetName=ULN_OUT2 Pin=D14-1
Removed Pin From Net: NetName=ULN_OUT3 Pin=D15-1
Removed Pin From Net: NetName=ULN_OUT2 Pin=D20-2
Removed Pin From Net: NetName=ULN_OUT3 Pin=D21-2
Removed Pin From Net: NetName=ULN_OUT3 Pin=IC1-16
Removed Pin From Net: NetName=ULN_OUT2 Pin=R48-1
Removed Pin From Net: NetName=ULN_OUT3 Pin=R49-1
Removed Pin From Net: NetName=ULN_OUT2 Pin=R50-1
Removed Pin From Net: NetName=ULN_OUT2 Pin=R58-1
Removed Pin From Net: NetName=ULN_OUT3 Pin=R59-1
Removed Pin From Net: NetName=ULN_OUT2 Pin=RL3-4
Removed Pin From Net: NetName=ULN_OUT3 Pin=RL4-4
Removed Pin From Net: NetName=ULN_OUT2 Pin=RL5-4
Removed Pin From Net: NetName=ULN_OUT2 Pin=RL7-4
Removed Pin From Net: NetName=ULN_OUT3 Pin=RL8-4
Removed Pin From Net: NetName=NetHD10_1 Pin=RL9-1
Removed Pin From Net: NetName=NetHD10_3 Pin=RL9-2
Removed Pin From Net: NetName=NetHD11_1 Pin=RL10-1
Removed Pin From Net: NetName=NetHD11_3 Pin=RL10-2
Removed Pin From Net: NetName=NetHD12_1 Pin=RL11-1
Removed Pin From Net: NetName=NetHD12_3 Pin=RL11-2
Removed Pin From Net: NetName=NetHD13_1 Pin=RL12-1
Removed Pin From Net: NetName=NetHD13_3 Pin=RL12-2
Removed Pin From Net: NetName=NetHD14_1 Pin=RL13-1
Removed Pin From Net: NetName=NetHD14_3 Pin=RL13-2
Removed Pin From Net: NetName=NetHD15_1 Pin=RL14-1
Removed Pin From Net: NetName=NetHD15_3 Pin=RL14-2
Removed Pin From Net: NetName=NetHD16_1 Pin=RL15-1
Removed Pin From Net: NetName=NetHD16_3 Pin=RL15-2
Removed Pin From Net: NetName=NetHD17_1 Pin=RL16-1
Removed Pin From Net: NetName=NetHD17_3 Pin=RL16-2
Added Pin To Net: NetName=ULN_OUT4 Pin=D5-1
Added Pin To Net: NetName=ULN_OUT5 Pin=D6-1
Added Pin To Net: NetName=ULN_OUT4 Pin=D11-2
Added Pin To Net: NetName=ULN_OUT5 Pin=D12-2
Added Pin To Net: NetName=ULN_OUT7 Pin=D14-1
Added Pin To Net: NetName=ULN_OUT8 Pin=D15-1
Added Pin To Net: NetName=ULN_OUT7 Pin=D20-2
Added Pin To Net: NetName=ULN_OUT8 Pin=D21-2
Added Pin To Net: NetName=ULN_OUT3 Pin=IC1-13
Added Pin To Net: NetName=ULN_OUT4 Pin=R49-1
Added Pin To Net: NetName=ULN_OUT5 Pin=R50-1
Added Pin To Net: NetName=ULN_OUT7 Pin=R58-1
Added Pin To Net: NetName=ULN_OUT8 Pin=R59-1
Added Pin To Net: NetName=ULN_OUT4 Pin=RL4-4
Added Pin To Net: NetName=ULN_OUT5 Pin=RL5-4
Added Pin To Net: NetName=ULN_OUT7 Pin=RL7-4
Added Pin To Net: NetName=ULN_OUT8 Pin=RL8-4
Added Pin To Net: NetName=NetHD10_3 Pin=RL9-1
Added Pin To Net: NetName=NetHD10_1 Pin=RL9-2
Added Pin To Net: NetName=NetHD11_3 Pin=RL10-1
Added Pin To Net: NetName=NetHD11_1 Pin=RL10-2
Added Pin To Net: NetName=NetHD12_3 Pin=RL11-1
Added Pin To Net: NetName=NetHD12_1 Pin=RL11-2
Added Pin To Net: NetName=NetHD13_3 Pin=RL12-1
Added Pin To Net: NetName=NetHD13_1 Pin=RL12-2
Added Pin To Net: NetName=NetHD14_3 Pin=RL13-1
Added Pin To Net: NetName=NetHD14_1 Pin=RL13-2
Added Pin To Net: NetName=NetHD15_3 Pin=RL14-1
Added Pin To Net: NetName=NetHD15_1 Pin=RL14-2
Added Pin To Net: NetName=NetHD16_3 Pin=RL15-1
Added Pin To Net: NetName=NetHD16_1 Pin=RL15-2
Added Pin To Net: NetName=NetHD17_3 Pin=RL16-1
Added Pin To Net: NetName=NetHD17_1 Pin=RL16-2
Change Net Name : Old Net Name=ULN_OUT3 New Net Name=ULN_OUT6
Added Pin To Net: NetName=ULN_OUT3 Pin=D4-1
Added Pin To Net: NetName=ULN_OUT3 Pin=D10-2
Added Pin To Net: NetName=ULN_OUT3 Pin=IC1-16
Added Pin To Net: NetName=ULN_OUT3 Pin=R48-1
Added Pin To Net: NetName=ULN_OUT3 Pin=RL3-4
Added Net: Name=ULN_OUT3
