Removed Pin From Net: NetName=ULN_OUT4 Pin=D5-1
Removed Pin From Net: NetName=ULN_OUT5 Pin=D6-1
Removed Pin From Net: NetName=ULN_OUT4 Pin=D11-2
Removed Pin From Net: NetName=ULN_OUT5 Pin=D12-2
Removed Pin From Net: NetName=ULN_OUT7 Pin=D14-1
Removed Pin From Net: NetName=ULN_OUT8 Pin=D15-1
Removed Pin From Net: NetName=ULN_OUT7 Pin=D20-2
Removed Pin From Net: NetName=ULN_OUT8 Pin=D21-2
Removed Pin From Net: NetName=ULN_OUT6 Pin=IC1-13
Removed Pin From Net: NetName=ULN_OUT4 Pin=R49-1
Removed Pin From Net: NetName=ULN_OUT5 Pin=R50-1
Removed Pin From Net: NetName=ULN_OUT7 Pin=R58-1
Removed Pin From Net: NetName=ULN_OUT8 Pin=R59-1
Removed Pin From Net: NetName=NetHD2_1 Pin=RL1-1
Removed Pin From Net: NetName=NetHD2_3 Pin=RL1-2
Removed Pin From Net: NetName=NetHD3_1 Pin=RL2-1
Removed Pin From Net: NetName=NetHD3_3 Pin=RL2-2
Removed Pin From Net: NetName=NetHD4_1 Pin=RL3-1
Removed Pin From Net: NetName=NetHD4_3 Pin=RL3-2
Removed Pin From Net: NetName=NetHD5_1 Pin=RL4-1
Removed Pin From Net: NetName=NetHD5_3 Pin=RL4-2
Removed Pin From Net: NetName=ULN_OUT4 Pin=RL4-4
Removed Pin From Net: NetName=NetHD6_1 Pin=RL5-1
Removed Pin From Net: NetName=NetHD6_3 Pin=RL5-2
Removed Pin From Net: NetName=ULN_OUT5 Pin=RL5-4
Removed Pin From Net: NetName=NetHD7_1 Pin=RL6-1
Removed Pin From Net: NetName=NetHD7_3 Pin=RL6-2
Removed Pin From Net: NetName=NetHD8_1 Pin=RL7-1
Removed Pin From Net: NetName=NetHD8_3 Pin=RL7-2
Removed Pin From Net: NetName=ULN_OUT7 Pin=RL7-4
Removed Pin From Net: NetName=NetHD9_1 Pin=RL8-1
Removed Pin From Net: NetName=NetHD9_3 Pin=RL8-2
Removed Pin From Net: NetName=ULN_OUT8 Pin=RL8-4
Added Pin To Net: NetName=ULN_OUT2 Pin=D4-1
Added Pin To Net: NetName=ULN_OUT6 Pin=D5-1
Added Pin To Net: NetName=ULN_OUT2 Pin=D6-1
Added Pin To Net: NetName=ULN_OUT2 Pin=D10-2
Added Pin To Net: NetName=ULN_OUT6 Pin=D11-2
Added Pin To Net: NetName=ULN_OUT2 Pin=D12-2
Added Pin To Net: NetName=ULN_OUT2 Pin=D14-1
Added Pin To Net: NetName=ULN_OUT6 Pin=D15-1
Added Pin To Net: NetName=ULN_OUT2 Pin=D20-2
Added Pin To Net: NetName=ULN_OUT6 Pin=D21-2
Added Pin To Net: NetName=ULN_OUT6 Pin=IC1-16
Added Pin To Net: NetName=ULN_OUT2 Pin=R48-1
Added Pin To Net: NetName=ULN_OUT6 Pin=R49-1
Added Pin To Net: NetName=ULN_OUT2 Pin=R50-1
Added Pin To Net: NetName=ULN_OUT2 Pin=R58-1
Added Pin To Net: NetName=ULN_OUT6 Pin=R59-1
Added Pin To Net: NetName=NetHD2_3 Pin=RL1-1
Added Pin To Net: NetName=NetHD2_1 Pin=RL1-2
Added Pin To Net: NetName=NetHD3_3 Pin=RL2-1
Added Pin To Net: NetName=NetHD3_1 Pin=RL2-2
Added Pin To Net: NetName=NetHD4_3 Pin=RL3-1
Added Pin To Net: NetName=NetHD4_1 Pin=RL3-2
Added Pin To Net: NetName=ULN_OUT2 Pin=RL3-4
Added Pin To Net: NetName=NetHD5_3 Pin=RL4-1
Added Pin To Net: NetName=NetHD5_1 Pin=RL4-2
Added Pin To Net: NetName=ULN_OUT6 Pin=RL4-4
Added Pin To Net: NetName=NetHD6_3 Pin=RL5-1
Added Pin To Net: NetName=NetHD6_1 Pin=RL5-2
Added Pin To Net: NetName=ULN_OUT2 Pin=RL5-4
Added Pin To Net: NetName=NetHD7_3 Pin=RL6-1
Added Pin To Net: NetName=NetHD7_1 Pin=RL6-2
Added Pin To Net: NetName=NetHD8_3 Pin=RL7-1
Added Pin To Net: NetName=NetHD8_1 Pin=RL7-2
Added Pin To Net: NetName=ULN_OUT2 Pin=RL7-4
Added Pin To Net: NetName=NetHD9_3 Pin=RL8-1
Added Pin To Net: NetName=NetHD9_1 Pin=RL8-2
Added Pin To Net: NetName=ULN_OUT6 Pin=RL8-4
Change Net Name : Old Net Name=ULN_OUT6 New Net Name=ULN_OUT3
Added Pin To Net: NetName=ULN_OUT6 Pin=IC1-13
Added Net: Name=ULN_OUT6
