Added Component: Designator=*1(LQFP48_N)
Added Component: Designator=*2(B0505-1WR2)
Added Component: Designator=BT1(CR1220)
Added Component: Designator=C1(CAP0805)
Added Component: Designator=C2(Cap 16V)
Added Component: Designator=C3(CAP0805)
Added Component: Designator=C4(Cap 16V)
Added Component: Designator=C5(CAP0805)
Added Component: Designator=C6(CAP0805)
Added Component: Designator=C7(CAP0805)
Added Component: Designator=C8(Cap 16V)
Added Component: Designator=C9(CAP0805)
Added Component: Designator=C10(CAP0805)
Added Component: Designator=C11(CAP0805)
Added Component: Designator=C12(CAP0805)
Added Component: Designator=C13(CAP0805)
Added Component: Designator=C14(CAP0805)
Added Component: Designator=C15(CAP0805)
Added Component: Designator=C16(CAP0805)
Added Component: Designator=C17(CAP0805)
Added Component: Designator=C18(CAP0805)
Added Component: Designator=C19(CAP0805)
Added Component: Designator=C20(CAP0805)
Added Component: Designator=D1(LED0805)
Added Component: Designator=D2(D1A)
Added Component: Designator=D3(D1A)
Added Component: Designator=D4(D1A)
Added Component: Designator=D5(D1A)
Added Component: Designator=D6(D1A)
Added Component: Designator=D7(D1A)
Added Component: Designator=D8(LED0805)
Added Component: Designator=D9(LED0805)
Added Component: Designator=D10(LED0805)
Added Component: Designator=D11(LED0805)
Added Component: Designator=D12(LED0805)
Added Component: Designator=D13(LED0805)
Added Component: Designator=D14(D1A)
Added Component: Designator=D15(D1A)
Added Component: Designator=D16(D1A)
Added Component: Designator=D17(D1A)
Added Component: Designator=D18(D1A)
Added Component: Designator=D19(D1A)
Added Component: Designator=D20(LED0805)
Added Component: Designator=D21(LED0805)
Added Component: Designator=D22(LED0805)
Added Component: Designator=D23(LED0805)
Added Component: Designator=D24(LED0805)
Added Component: Designator=D25(LED0805)
Added Component: Designator=D26(D1A)
Added Component: Designator=D27(D1A)
Added Component: Designator=D28(D1A)
Added Component: Designator=D29(D1A)
Added Component: Designator=D30(LED0805)
Added Component: Designator=D31(LED0805)
Added Component: Designator=D32(LED0805)
Added Component: Designator=D33(LED0805)
Added Component: Designator=HD1(HED2T)
Added Component: Designator=HD2(HED3T)
Added Component: Designator=HD3(HED3T)
Added Component: Designator=HD4(HED3T)
Added Component: Designator=HD5(HED3T)
Added Component: Designator=HD6(HED3T)
Added Component: Designator=HD7(HED3T)
Added Component: Designator=HD8(HED3T)
Added Component: Designator=HD9(HED3T)
Added Component: Designator=HD10(HED3T)
Added Component: Designator=HD11(HED3T)
Added Component: Designator=HD12(HED3T)
Added Component: Designator=HD13(HED3T)
Added Component: Designator=HD14(HED3T)
Added Component: Designator=HD15(HED3T)
Added Component: Designator=HD16(HED3T)
Added Component: Designator=HD17(HED3T)
Added Component: Designator=IC1(SOP18)
Added Component: Designator=IC2(SOP18)
Added Component: Designator=JP1(CON6)
Added Component: Designator=JP2(CON4)
Added Component: Designator=JP3(CON4)
Added Component: Designator=JP4(CON6)
Added Component: Designator=P1(HDR1X2)
Added Component: Designator=P2(HDR1X2)
Added Component: Designator=R1(0805)
Added Component: Designator=R2(0805)
Added Component: Designator=R3(0805)
Added Component: Designator=R4(0805)
Added Component: Designator=R5(0805)
Added Component: Designator=R6(0805)
Added Component: Designator=R7(0805)
Added Component: Designator=R8(0805)
Added Component: Designator=R9(0805)
Added Component: Designator=R10(0805)
Added Component: Designator=R11(0805)
Added Component: Designator=R12(0805)
Added Component: Designator=R13(0805)
Added Component: Designator=R14(0805)
Added Component: Designator=R15(0805)
Added Component: Designator=R16(0805)
Added Component: Designator=R17(0805)
Added Component: Designator=R18(0805)
Added Component: Designator=R19(0805)
Added Component: Designator=R20(0805)
Added Component: Designator=R21(0805)
Added Component: Designator=R22(0805)
Added Component: Designator=R23(0805)
Added Component: Designator=R24(0805)
Added Component: Designator=R25(0805)
Added Component: Designator=R26(0805)
Added Component: Designator=R27(0805)
Added Component: Designator=R28(0805)
Added Component: Designator=R29(0805)
Added Component: Designator=R30(0805)
Added Component: Designator=R31(0805)
Added Component: Designator=R32(0805)
Added Component: Designator=R33(0805)
Added Component: Designator=R34(0805)
Added Component: Designator=R35(0805)
Added Component: Designator=R36(0805)
Added Component: Designator=R37(0805)
Added Component: Designator=R38(0805)
Added Component: Designator=R39(0805)
Added Component: Designator=R40(0805)
Added Component: Designator=R41(0805)
Added Component: Designator=R42(0805)
Added Component: Designator=R43(0805)
Added Component: Designator=R44(0805)
Added Component: Designator=R45(0805)
Added Component: Designator=R46(0805)
Added Component: Designator=R47(0805)
Added Component: Designator=R48(0805)
Added Component: Designator=R49(0805)
Added Component: Designator=R50(0805)
Added Component: Designator=R51(0805)
Added Component: Designator=R52(0805)
Added Component: Designator=R53(0805)
Added Component: Designator=R54(0805)
Added Component: Designator=R55(0805)
Added Component: Designator=R56(0805)
Added Component: Designator=R57(0805)
Added Component: Designator=R58(0805)
Added Component: Designator=R59(0805)
Added Component: Designator=R60(0805)
Added Component: Designator=R61(0805)
Added Component: Designator=R62(0805)
Added Component: Designator=R63(0805)
Added Component: Designator=R64(0805)
Added Component: Designator=R65(0805)
Added Component: Designator=R66(0805)
Added Component: Designator=R67(0805)
Added Component: Designator=R68(0805)
Added Component: Designator=R69(0805)
Added Component: Designator=R70(0805)
Added Component: Designator=R71(0805)
Added Component: Designator=R72(0805)
Added Component: Designator=R73(0805)
Added Component: Designator=R74(0805)
Added Component: Designator=R75(0805)
Added Component: Designator=R76(0805)
Added Component: Designator=R77(0805)
Added Component: Designator=R78(0805)
Added Component: Designator=R79(0805)
Added Component: Designator=RL1(RELAY HFE)
Added Component: Designator=RL2(RELAY HFE)
Added Component: Designator=RL3(RELAY HFE)
Added Component: Designator=RL4(RELAY HFE)
Added Component: Designator=RL5(RELAY HFE)
Added Component: Designator=RL6(RELAY HFE)
Added Component: Designator=RL7(RELAY HFE)
Added Component: Designator=RL8(RELAY HFE)
Added Component: Designator=RL9(RELAY HFE)
Added Component: Designator=RL10(RELAY HFE)
Added Component: Designator=RL11(RELAY HFE)
Added Component: Designator=RL12(RELAY HFE)
Added Component: Designator=RL13(RELAY HFE)
Added Component: Designator=RL14(RELAY HFE)
Added Component: Designator=RL15(RELAY HFE)
Added Component: Designator=RL16(RELAY HFE)
Added Component: Designator=SW1(SW2PIN-HT)
Added Component: Designator=U1(SOT223_L)
Added Component: Designator=U2(SO-8)
Added Component: Designator=U3(0805)
Added Component: Designator=U4(CRYSTAL2)
Added Component: Designator=U5(DIP4/W0.3)
Added Component: Designator=U6(DIP4/W0.3)
Added Component: Designator=U7(DIP4/W0.3)
Added Component: Designator=U8(DIP4/W0.3)
Added Component: Designator=U9(DIP4/W0.3)
Added Component: Designator=U10(DIP4/W0.3)
Added Component: Designator=U11(DIP4/W0.3)
Added Component: Designator=U12(DIP4/W0.3)
Added Component: Designator=U13(DIP4/W0.3)
Added Component: Designator=U14(DIP4/W0.3)
Added Component: Designator=U15(DIP4/W0.3)
Added Component: Designator=U16(DIP4/W0.3)
Added Component: Designator=U17(DIP4/W0.3)
Added Component: Designator=U18(DIP4/W0.3)
Added Component: Designator=U19(DIP4/W0.3)
Added Component: Designator=U20(DIP4/W0.3)
Added Component: Designator=U21(DIP4/W0.3)
Added Component: Designator=U22(DIP4/W0.3)
Added Component: Designator=U23(DIP4/W0.3)
Added Component: Designator=U24(DIP4/W0.3)
Added Pin To Net: NetName=3.3V_ISO Pin=*1-9
Added Pin To Net: NetName=3.3V_ISO Pin=*1-24
Added Pin To Net: NetName=3.3V_ISO Pin=*1-36
Added Pin To Net: NetName=3.3V_ISO Pin=*1-48
Added Pin To Net: NetName=3.3V_ISO Pin=C2-1
Added Pin To Net: NetName=3.3V_ISO Pin=C3-1
Added Pin To Net: NetName=3.3V_ISO Pin=C5-2
Added Pin To Net: NetName=3.3V_ISO Pin=C11-1
Added Pin To Net: NetName=3.3V_ISO Pin=C12-1
Added Pin To Net: NetName=3.3V_ISO Pin=C13-1
Added Pin To Net: NetName=3.3V_ISO Pin=C14-1
Added Pin To Net: NetName=3.3V_ISO Pin=C15-1
Added Pin To Net: NetName=3.3V_ISO Pin=C16-1
Added Pin To Net: NetName=3.3V_ISO Pin=C17-1
Added Pin To Net: NetName=3.3V_ISO Pin=C18-1
Added Pin To Net: NetName=3.3V_ISO Pin=C19-1
Added Pin To Net: NetName=3.3V_ISO Pin=JP1-1
Added Pin To Net: NetName=3.3V_ISO Pin=JP2-1
Added Pin To Net: NetName=3.3V_ISO Pin=JP3-1
Added Pin To Net: NetName=3.3V_ISO Pin=R1-2
Added Pin To Net: NetName=3.3V_ISO Pin=R3-2
Added Pin To Net: NetName=3.3V_ISO Pin=R4-2
Added Pin To Net: NetName=3.3V_ISO Pin=R5-2
Added Pin To Net: NetName=3.3V_ISO Pin=R6-2
Added Pin To Net: NetName=3.3V_ISO Pin=R7-2
Added Pin To Net: NetName=3.3V_ISO Pin=R76-2
Added Pin To Net: NetName=3.3V_ISO Pin=R77-2
Added Pin To Net: NetName=3.3V_ISO Pin=R78-2
Added Pin To Net: NetName=3.3V_ISO Pin=R79-2
Added Pin To Net: NetName=3.3V_ISO Pin=U1-2
Added Pin To Net: NetName=3.3V_ISO Pin=U2-3
Added Net: Name=3.3V_ISO
Added Pin To Net: NetName=BOOT0 Pin=*1-44
Added Pin To Net: NetName=BOOT0 Pin=P2-1
Added Pin To Net: NetName=BOOT0 Pin=R5-1
Added Net: Name=BOOT0
Added Pin To Net: NetName=BOOT1 Pin=*1-20
Added Pin To Net: NetName=BOOT1 Pin=P1-1
Added Pin To Net: NetName=BOOT1 Pin=R3-1
Added Net: Name=BOOT1
Added Pin To Net: NetName=CAN_RX Pin=*1-32
Added Pin To Net: NetName=CAN_RX Pin=U2-4
Added Net: Name=CAN_RX
Added Pin To Net: NetName=CAN_TX Pin=*1-33
Added Pin To Net: NetName=CAN_TX Pin=U2-1
Added Net: Name=CAN_TX
Added Pin To Net: NetName=GND_ISO Pin=*1-8
Added Pin To Net: NetName=GND_ISO Pin=*1-23
Added Pin To Net: NetName=GND_ISO Pin=*1-35
Added Pin To Net: NetName=GND_ISO Pin=*1-47
Added Pin To Net: NetName=GND_ISO Pin=*2-3
Added Pin To Net: NetName=GND_ISO Pin=BT1-2
Added Pin To Net: NetName=GND_ISO Pin=C1-2
Added Pin To Net: NetName=GND_ISO Pin=C2-2
Added Pin To Net: NetName=GND_ISO Pin=C3-2
Added Pin To Net: NetName=GND_ISO Pin=C4-2
Added Pin To Net: NetName=GND_ISO Pin=C5-1
Added Pin To Net: NetName=GND_ISO Pin=C6-2
Added Pin To Net: NetName=GND_ISO Pin=C7-2
Added Pin To Net: NetName=GND_ISO Pin=C9-2
Added Pin To Net: NetName=GND_ISO Pin=C10-2
Added Pin To Net: NetName=GND_ISO Pin=C11-2
Added Pin To Net: NetName=GND_ISO Pin=C12-2
Added Pin To Net: NetName=GND_ISO Pin=C13-2
Added Pin To Net: NetName=GND_ISO Pin=C14-2
Added Pin To Net: NetName=GND_ISO Pin=C15-2
Added Pin To Net: NetName=GND_ISO Pin=C16-2
Added Pin To Net: NetName=GND_ISO Pin=C17-2
Added Pin To Net: NetName=GND_ISO Pin=C18-2
Added Pin To Net: NetName=GND_ISO Pin=C19-2
Added Pin To Net: NetName=GND_ISO Pin=C20-2
Added Pin To Net: NetName=GND_ISO Pin=D1-2
Added Pin To Net: NetName=GND_ISO Pin=JP1-6
Added Pin To Net: NetName=GND_ISO Pin=JP2-4
Added Pin To Net: NetName=GND_ISO Pin=JP3-4
Added Pin To Net: NetName=GND_ISO Pin=P1-2
Added Pin To Net: NetName=GND_ISO Pin=P2-2
Added Pin To Net: NetName=GND_ISO Pin=SW1-1
Added Pin To Net: NetName=GND_ISO Pin=U1-1
Added Pin To Net: NetName=GND_ISO Pin=U2-2
Added Pin To Net: NetName=GND_ISO Pin=U2-8
Added Pin To Net: NetName=GND_ISO Pin=U21-3
Added Pin To Net: NetName=GND_ISO Pin=U22-3
Added Pin To Net: NetName=GND_ISO Pin=U23-3
Added Pin To Net: NetName=GND_ISO Pin=U24-3
Added Net: Name=GND_ISO
Added Pin To Net: NetName=GND Pin=*2-1
Added Pin To Net: NetName=GND Pin=C8-2
Added Pin To Net: NetName=GND Pin=IC1-9
Added Pin To Net: NetName=GND Pin=IC2-9
Added Pin To Net: NetName=GND Pin=JP4-6
Added Pin To Net: NetName=GND Pin=U5-3
Added Pin To Net: NetName=GND Pin=U6-3
Added Pin To Net: NetName=GND Pin=U7-3
Added Pin To Net: NetName=GND Pin=U8-3
Added Pin To Net: NetName=GND Pin=U9-3
Added Pin To Net: NetName=GND Pin=U10-3
Added Pin To Net: NetName=GND Pin=U11-3
Added Pin To Net: NetName=GND Pin=U12-3
Added Pin To Net: NetName=GND Pin=U13-3
Added Pin To Net: NetName=GND Pin=U14-3
Added Pin To Net: NetName=GND Pin=U15-3
Added Pin To Net: NetName=GND Pin=U16-3
Added Pin To Net: NetName=GND Pin=U17-3
Added Pin To Net: NetName=GND Pin=U18-3
Added Pin To Net: NetName=GND Pin=U19-3
Added Pin To Net: NetName=GND Pin=U20-3
Added Net: Name=GND
Added Pin To Net: NetName=HS_XTAL1 Pin=*1-5
Added Pin To Net: NetName=HS_XTAL1 Pin=C9-1
Added Pin To Net: NetName=HS_XTAL1 Pin=U4-2
Added Net: Name=HS_XTAL1
Added Pin To Net: NetName=HS_XTAL2 Pin=*1-6
Added Pin To Net: NetName=HS_XTAL2 Pin=C10-1
Added Pin To Net: NetName=HS_XTAL2 Pin=U4-1
Added Net: Name=HS_XTAL2
Added Pin To Net: NetName=I2C_SCK Pin=*1-43
Added Net: Name=I2C_SCK
Added Pin To Net: NetName=I2C_SCL Pin=*1-42
Added Pin To Net: NetName=I2C_SCL Pin=JP2-3
Added Pin To Net: NetName=I2C_SCL Pin=R7-1
Added Net: Name=I2C_SCL
Added Pin To Net: NetName=I2C_SDA Pin=JP2-2
Added Pin To Net: NetName=I2C_SDA Pin=R6-1
Added Net: Name=I2C_SDA
Added Pin To Net: NetName=IN1 Pin=JP4-2
Added Pin To Net: NetName=IN1 Pin=U21-2
Added Net: Name=IN1
Added Pin To Net: NetName=IN2 Pin=JP4-3
Added Pin To Net: NetName=IN2 Pin=U22-2
Added Net: Name=IN2
Added Pin To Net: NetName=IN3 Pin=JP4-4
Added Pin To Net: NetName=IN3 Pin=U23-2
Added Net: Name=IN3
Added Pin To Net: NetName=IN4 Pin=JP4-5
Added Pin To Net: NetName=IN4 Pin=U24-2
Added Net: Name=IN4
Added Pin To Net: NetName=INPUT1 Pin=*1-10
Added Pin To Net: NetName=INPUT1 Pin=R76-1
Added Pin To Net: NetName=INPUT1 Pin=U21-4
Added Net: Name=INPUT1
Added Pin To Net: NetName=INPUT2 Pin=*1-11
Added Pin To Net: NetName=INPUT2 Pin=R77-1
Added Pin To Net: NetName=INPUT2 Pin=U22-4
Added Net: Name=INPUT2
Added Pin To Net: NetName=INPUT3 Pin=*1-12
Added Pin To Net: NetName=INPUT3 Pin=R78-1
Added Pin To Net: NetName=INPUT3 Pin=U23-4
Added Net: Name=INPUT3
Added Pin To Net: NetName=INPUT4 Pin=*1-13
Added Pin To Net: NetName=INPUT4 Pin=R79-1
Added Pin To Net: NetName=INPUT4 Pin=U24-4
Added Net: Name=INPUT4
Added Pin To Net: NetName=LS_XTAL1 Pin=C1-1
Added Pin To Net: NetName=LS_XTAL1 Pin=U3-2
Added Net: Name=LS_XTAL1
Added Pin To Net: NetName=LS_XTAL2 Pin=*1-4
Added Pin To Net: NetName=LS_XTAL2 Pin=C7-1
Added Pin To Net: NetName=LS_XTAL2 Pin=U3-1
Added Net: Name=LS_XTAL2
Added Pin To Net: NetName=LS_XTAL3 Pin=*1-3
Added Net: Name=LS_XTAL3
Added Pin To Net: NetName=NetD1_1 Pin=D1-1
Added Pin To Net: NetName=NetD1_1 Pin=R1-1
Added Net: Name=NetD1_1
Added Pin To Net: NetName=NetD8_1 Pin=D8-1
Added Pin To Net: NetName=NetD8_1 Pin=R40-1
Added Net: Name=NetD8_1
Added Pin To Net: NetName=NetD9_1 Pin=D9-1
Added Pin To Net: NetName=NetD9_1 Pin=R41-1
Added Net: Name=NetD9_1
Added Pin To Net: NetName=NetD10_1 Pin=D10-1
Added Pin To Net: NetName=NetD10_1 Pin=R42-1
Added Net: Name=NetD10_1
Added Pin To Net: NetName=NetD11_1 Pin=D11-1
Added Pin To Net: NetName=NetD11_1 Pin=R43-1
Added Net: Name=NetD11_1
Added Pin To Net: NetName=NetD12_1 Pin=D12-1
Added Pin To Net: NetName=NetD12_1 Pin=R44-1
Added Net: Name=NetD12_1
Added Pin To Net: NetName=NetD13_1 Pin=D13-1
Added Pin To Net: NetName=NetD13_1 Pin=R45-1
Added Net: Name=NetD13_1
Added Pin To Net: NetName=NetD20_1 Pin=D20-1
Added Pin To Net: NetName=NetD20_1 Pin=R52-1
Added Net: Name=NetD20_1
Added Pin To Net: NetName=NetD21_1 Pin=D21-1
Added Pin To Net: NetName=NetD21_1 Pin=R53-1
Added Net: Name=NetD21_1
Added Pin To Net: NetName=NetD22_1 Pin=D22-1
Added Pin To Net: NetName=NetD22_1 Pin=R54-1
Added Net: Name=NetD22_1
Added Pin To Net: NetName=NetD23_1 Pin=D23-1
Added Pin To Net: NetName=NetD23_1 Pin=R55-1
Added Net: Name=NetD23_1
Added Pin To Net: NetName=NetD24_1 Pin=D24-1
Added Pin To Net: NetName=NetD24_1 Pin=R56-1
Added Net: Name=NetD24_1
Added Pin To Net: NetName=NetD25_1 Pin=D25-1
Added Pin To Net: NetName=NetD25_1 Pin=R57-1
Added Net: Name=NetD25_1
Added Pin To Net: NetName=NetD30_1 Pin=D30-1
Added Pin To Net: NetName=NetD30_1 Pin=R64-1
Added Net: Name=NetD30_1
Added Pin To Net: NetName=NetD31_1 Pin=D31-1
Added Pin To Net: NetName=NetD31_1 Pin=R65-1
Added Net: Name=NetD31_1
Added Pin To Net: NetName=NetD32_1 Pin=D32-1
Added Pin To Net: NetName=NetD32_1 Pin=R66-1
Added Net: Name=NetD32_1
Added Pin To Net: NetName=NetD33_1 Pin=D33-1
Added Pin To Net: NetName=NetD33_1 Pin=R67-1
Added Net: Name=NetD33_1
Added Pin To Net: NetName=NetHD1_1 Pin=HD1-1
Added Pin To Net: NetName=NetHD1_1 Pin=R2-2
Added Pin To Net: NetName=NetHD1_1 Pin=U2-6
Added Net: Name=NetHD1_1
Added Pin To Net: NetName=NetHD1_2 Pin=HD1-2
Added Pin To Net: NetName=NetHD1_2 Pin=R2-1
Added Pin To Net: NetName=NetHD1_2 Pin=U2-7
Added Net: Name=NetHD1_2
Added Pin To Net: NetName=NetHD2_1 Pin=HD2-1
Added Pin To Net: NetName=NetHD2_1 Pin=RL1-1
Added Net: Name=NetHD2_1
Added Pin To Net: NetName=NetHD2_2 Pin=HD2-2
Added Pin To Net: NetName=NetHD2_2 Pin=RL1-5
Added Net: Name=NetHD2_2
Added Pin To Net: NetName=NetHD2_3 Pin=HD2-3
Added Pin To Net: NetName=NetHD2_3 Pin=RL1-2
Added Net: Name=NetHD2_3
Added Pin To Net: NetName=NetHD3_1 Pin=HD3-1
Added Pin To Net: NetName=NetHD3_1 Pin=RL2-1
Added Net: Name=NetHD3_1
Added Pin To Net: NetName=NetHD3_2 Pin=HD3-2
Added Pin To Net: NetName=NetHD3_2 Pin=RL2-5
Added Net: Name=NetHD3_2
Added Pin To Net: NetName=NetHD3_3 Pin=HD3-3
Added Pin To Net: NetName=NetHD3_3 Pin=RL2-2
Added Net: Name=NetHD3_3
Added Pin To Net: NetName=NetHD4_1 Pin=HD4-1
Added Pin To Net: NetName=NetHD4_1 Pin=RL3-1
Added Net: Name=NetHD4_1
Added Pin To Net: NetName=NetHD4_2 Pin=HD4-2
Added Pin To Net: NetName=NetHD4_2 Pin=RL3-5
Added Net: Name=NetHD4_2
Added Pin To Net: NetName=NetHD4_3 Pin=HD4-3
Added Pin To Net: NetName=NetHD4_3 Pin=RL3-2
Added Net: Name=NetHD4_3
Added Pin To Net: NetName=NetHD5_1 Pin=HD5-1
Added Pin To Net: NetName=NetHD5_1 Pin=RL4-1
Added Net: Name=NetHD5_1
Added Pin To Net: NetName=NetHD5_2 Pin=HD5-2
Added Pin To Net: NetName=NetHD5_2 Pin=RL4-5
Added Net: Name=NetHD5_2
Added Pin To Net: NetName=NetHD5_3 Pin=HD5-3
Added Pin To Net: NetName=NetHD5_3 Pin=RL4-2
Added Net: Name=NetHD5_3
Added Pin To Net: NetName=NetHD6_1 Pin=HD6-1
Added Pin To Net: NetName=NetHD6_1 Pin=RL5-1
Added Net: Name=NetHD6_1
Added Pin To Net: NetName=NetHD6_2 Pin=HD6-2
Added Pin To Net: NetName=NetHD6_2 Pin=RL5-5
Added Net: Name=NetHD6_2
Added Pin To Net: NetName=NetHD6_3 Pin=HD6-3
Added Pin To Net: NetName=NetHD6_3 Pin=RL5-2
Added Net: Name=NetHD6_3
Added Pin To Net: NetName=NetHD7_1 Pin=HD7-1
Added Pin To Net: NetName=NetHD7_1 Pin=RL6-1
Added Net: Name=NetHD7_1
Added Pin To Net: NetName=NetHD7_2 Pin=HD7-2
Added Pin To Net: NetName=NetHD7_2 Pin=RL6-5
Added Net: Name=NetHD7_2
Added Pin To Net: NetName=NetHD7_3 Pin=HD7-3
Added Pin To Net: NetName=NetHD7_3 Pin=RL6-2
Added Net: Name=NetHD7_3
Added Pin To Net: NetName=NetHD8_1 Pin=HD8-1
Added Pin To Net: NetName=NetHD8_1 Pin=RL7-1
Added Net: Name=NetHD8_1
Added Pin To Net: NetName=NetHD8_2 Pin=HD8-2
Added Pin To Net: NetName=NetHD8_2 Pin=RL7-5
Added Net: Name=NetHD8_2
Added Pin To Net: NetName=NetHD8_3 Pin=HD8-3
Added Pin To Net: NetName=NetHD8_3 Pin=RL7-2
Added Net: Name=NetHD8_3
Added Pin To Net: NetName=NetHD9_1 Pin=HD9-1
Added Pin To Net: NetName=NetHD9_1 Pin=RL8-1
Added Net: Name=NetHD9_1
Added Pin To Net: NetName=NetHD9_2 Pin=HD9-2
Added Pin To Net: NetName=NetHD9_2 Pin=RL8-5
Added Net: Name=NetHD9_2
Added Pin To Net: NetName=NetHD9_3 Pin=HD9-3
Added Pin To Net: NetName=NetHD9_3 Pin=RL8-2
Added Net: Name=NetHD9_3
Added Pin To Net: NetName=NetHD10_1 Pin=HD10-1
Added Pin To Net: NetName=NetHD10_1 Pin=RL9-1
Added Net: Name=NetHD10_1
Added Pin To Net: NetName=NetHD10_2 Pin=HD10-2
Added Pin To Net: NetName=NetHD10_2 Pin=RL9-5
Added Net: Name=NetHD10_2
Added Pin To Net: NetName=NetHD10_3 Pin=HD10-3
Added Pin To Net: NetName=NetHD10_3 Pin=RL9-2
Added Net: Name=NetHD10_3
Added Pin To Net: NetName=NetHD11_1 Pin=HD11-1
Added Pin To Net: NetName=NetHD11_1 Pin=RL10-1
Added Net: Name=NetHD11_1
Added Pin To Net: NetName=NetHD11_2 Pin=HD11-2
Added Pin To Net: NetName=NetHD11_2 Pin=RL10-5
Added Net: Name=NetHD11_2
Added Pin To Net: NetName=NetHD11_3 Pin=HD11-3
Added Pin To Net: NetName=NetHD11_3 Pin=RL10-2
Added Net: Name=NetHD11_3
Added Pin To Net: NetName=NetHD12_1 Pin=HD12-1
Added Pin To Net: NetName=NetHD12_1 Pin=RL11-1
Added Net: Name=NetHD12_1
Added Pin To Net: NetName=NetHD12_2 Pin=HD12-2
Added Pin To Net: NetName=NetHD12_2 Pin=RL11-5
Added Net: Name=NetHD12_2
Added Pin To Net: NetName=NetHD12_3 Pin=HD12-3
Added Pin To Net: NetName=NetHD12_3 Pin=RL11-2
Added Net: Name=NetHD12_3
Added Pin To Net: NetName=NetHD13_1 Pin=HD13-1
Added Pin To Net: NetName=NetHD13_1 Pin=RL12-1
Added Net: Name=NetHD13_1
Added Pin To Net: NetName=NetHD13_2 Pin=HD13-2
Added Pin To Net: NetName=NetHD13_2 Pin=RL12-5
Added Net: Name=NetHD13_2
Added Pin To Net: NetName=NetHD13_3 Pin=HD13-3
Added Pin To Net: NetName=NetHD13_3 Pin=RL12-2
Added Net: Name=NetHD13_3
Added Pin To Net: NetName=NetHD14_1 Pin=HD14-1
Added Pin To Net: NetName=NetHD14_1 Pin=RL13-1
Added Net: Name=NetHD14_1
Added Pin To Net: NetName=NetHD14_2 Pin=HD14-2
Added Pin To Net: NetName=NetHD14_2 Pin=RL13-5
Added Net: Name=NetHD14_2
Added Pin To Net: NetName=NetHD14_3 Pin=HD14-3
Added Pin To Net: NetName=NetHD14_3 Pin=RL13-2
Added Net: Name=NetHD14_3
Added Pin To Net: NetName=NetHD15_1 Pin=HD15-1
Added Pin To Net: NetName=NetHD15_1 Pin=RL14-1
Added Net: Name=NetHD15_1
Added Pin To Net: NetName=NetHD15_2 Pin=HD15-2
Added Pin To Net: NetName=NetHD15_2 Pin=RL14-5
Added Net: Name=NetHD15_2
Added Pin To Net: NetName=NetHD15_3 Pin=HD15-3
Added Pin To Net: NetName=NetHD15_3 Pin=RL14-2
Added Net: Name=NetHD15_3
Added Pin To Net: NetName=NetHD16_1 Pin=HD16-1
Added Pin To Net: NetName=NetHD16_1 Pin=RL15-1
Added Net: Name=NetHD16_1
Added Pin To Net: NetName=NetHD16_2 Pin=HD16-2
Added Pin To Net: NetName=NetHD16_2 Pin=RL15-5
Added Net: Name=NetHD16_2
Added Pin To Net: NetName=NetHD16_3 Pin=HD16-3
Added Pin To Net: NetName=NetHD16_3 Pin=RL15-2
Added Net: Name=NetHD16_3
Added Pin To Net: NetName=NetHD17_1 Pin=HD17-1
Added Pin To Net: NetName=NetHD17_1 Pin=RL16-1
Added Net: Name=NetHD17_1
Added Pin To Net: NetName=NetHD17_2 Pin=HD17-2
Added Pin To Net: NetName=NetHD17_2 Pin=RL16-5
Added Net: Name=NetHD17_2
Added Pin To Net: NetName=NetHD17_3 Pin=HD17-3
Added Pin To Net: NetName=NetHD17_3 Pin=RL16-2
Added Net: Name=NetHD17_3
Added Pin To Net: NetName=NetR8_2 Pin=R8-2
Added Pin To Net: NetName=NetR8_2 Pin=U5-1
Added Net: Name=NetR8_2
Added Pin To Net: NetName=NetR9_2 Pin=R9-2
Added Pin To Net: NetName=NetR9_2 Pin=U6-1
Added Net: Name=NetR9_2
Added Pin To Net: NetName=NetR10_2 Pin=R10-2
Added Pin To Net: NetName=NetR10_2 Pin=U7-1
Added Net: Name=NetR10_2
Added Pin To Net: NetName=NetR11_2 Pin=R11-2
Added Pin To Net: NetName=NetR11_2 Pin=U8-1
Added Net: Name=NetR11_2
Added Pin To Net: NetName=NetR12_2 Pin=R12-2
Added Pin To Net: NetName=NetR12_2 Pin=U9-1
Added Net: Name=NetR12_2
Added Pin To Net: NetName=NetR13_2 Pin=R13-2
Added Pin To Net: NetName=NetR13_2 Pin=U10-1
Added Net: Name=NetR13_2
Added Pin To Net: NetName=NetR14_2 Pin=R14-2
Added Pin To Net: NetName=NetR14_2 Pin=U11-1
Added Net: Name=NetR14_2
Added Pin To Net: NetName=NetR15_2 Pin=R15-2
Added Pin To Net: NetName=NetR15_2 Pin=U12-1
Added Net: Name=NetR15_2
Added Pin To Net: NetName=NetR24_2 Pin=R24-2
Added Pin To Net: NetName=NetR24_2 Pin=U13-1
Added Net: Name=NetR24_2
Added Pin To Net: NetName=NetR25_2 Pin=R25-2
Added Pin To Net: NetName=NetR25_2 Pin=U14-1
Added Net: Name=NetR25_2
Added Pin To Net: NetName=NetR26_2 Pin=R26-2
Added Pin To Net: NetName=NetR26_2 Pin=U15-1
Added Net: Name=NetR26_2
Added Pin To Net: NetName=NetR27_2 Pin=R27-2
Added Pin To Net: NetName=NetR27_2 Pin=U16-1
Added Net: Name=NetR27_2
Added Pin To Net: NetName=NetR28_2 Pin=R28-2
Added Pin To Net: NetName=NetR28_2 Pin=U17-1
Added Net: Name=NetR28_2
Added Pin To Net: NetName=NetR29_2 Pin=R29-2
Added Pin To Net: NetName=NetR29_2 Pin=U18-1
Added Net: Name=NetR29_2
Added Pin To Net: NetName=NetR30_2 Pin=R30-2
Added Pin To Net: NetName=NetR30_2 Pin=U19-1
Added Net: Name=NetR30_2
Added Pin To Net: NetName=NetR31_2 Pin=R31-2
Added Pin To Net: NetName=NetR31_2 Pin=U20-1
Added Net: Name=NetR31_2
Added Pin To Net: NetName=NetR72_2 Pin=R72-2
Added Pin To Net: NetName=NetR72_2 Pin=U21-1
Added Net: Name=NetR72_2
Added Pin To Net: NetName=NetR73_2 Pin=R73-2
Added Pin To Net: NetName=NetR73_2 Pin=U22-1
Added Net: Name=NetR73_2
Added Pin To Net: NetName=NetR74_2 Pin=R74-2
Added Pin To Net: NetName=NetR74_2 Pin=U23-1
Added Net: Name=NetR74_2
Added Pin To Net: NetName=NetR75_2 Pin=R75-2
Added Pin To Net: NetName=NetR75_2 Pin=U24-1
Added Net: Name=NetR75_2
Added Pin To Net: NetName=NRST Pin=*1-7
Added Pin To Net: NetName=NRST Pin=C20-1
Added Pin To Net: NetName=NRST Pin=R4-1
Added Pin To Net: NetName=NRST Pin=SW1-2
Added Net: Name=NRST
Added Pin To Net: NetName=OP_OUT1 Pin=IC1-1
Added Pin To Net: NetName=OP_OUT1 Pin=R16-1
Added Pin To Net: NetName=OP_OUT1 Pin=U5-4
Added Net: Name=OP_OUT1
Added Pin To Net: NetName=OP_OUT2 Pin=IC1-2
Added Pin To Net: NetName=OP_OUT2 Pin=R17-1
Added Pin To Net: NetName=OP_OUT2 Pin=U6-4
Added Net: Name=OP_OUT2
Added Pin To Net: NetName=OP_OUT3 Pin=IC1-3
Added Pin To Net: NetName=OP_OUT3 Pin=R18-1
Added Pin To Net: NetName=OP_OUT3 Pin=U7-4
Added Net: Name=OP_OUT3
Added Pin To Net: NetName=OP_OUT4 Pin=IC1-4
Added Pin To Net: NetName=OP_OUT4 Pin=R19-1
Added Pin To Net: NetName=OP_OUT4 Pin=U8-4
Added Net: Name=OP_OUT4
Added Pin To Net: NetName=OP_OUT5 Pin=IC1-5
Added Pin To Net: NetName=OP_OUT5 Pin=R20-1
Added Pin To Net: NetName=OP_OUT5 Pin=U9-4
Added Net: Name=OP_OUT5
Added Pin To Net: NetName=OP_OUT6 Pin=IC1-6
Added Pin To Net: NetName=OP_OUT6 Pin=R21-1
Added Pin To Net: NetName=OP_OUT6 Pin=U10-4
Added Net: Name=OP_OUT6
Added Pin To Net: NetName=OP_OUT7 Pin=IC1-7
Added Pin To Net: NetName=OP_OUT7 Pin=R22-1
Added Pin To Net: NetName=OP_OUT7 Pin=U11-4
Added Net: Name=OP_OUT7
Added Pin To Net: NetName=OP_OUT8 Pin=IC1-8
Added Pin To Net: NetName=OP_OUT8 Pin=R23-1
Added Pin To Net: NetName=OP_OUT8 Pin=U12-4
Added Net: Name=OP_OUT8
Added Pin To Net: NetName=OP_OUT9 Pin=IC2-1
Added Pin To Net: NetName=OP_OUT9 Pin=R32-1
Added Pin To Net: NetName=OP_OUT9 Pin=U13-4
Added Net: Name=OP_OUT9
Added Pin To Net: NetName=OP_OUT10 Pin=IC2-2
Added Pin To Net: NetName=OP_OUT10 Pin=R33-1
Added Pin To Net: NetName=OP_OUT10 Pin=U14-4
Added Net: Name=OP_OUT10
Added Pin To Net: NetName=OP_OUT11 Pin=IC2-3
Added Pin To Net: NetName=OP_OUT11 Pin=R34-1
Added Pin To Net: NetName=OP_OUT11 Pin=U15-4
Added Net: Name=OP_OUT11
Added Pin To Net: NetName=OP_OUT12 Pin=IC2-4
Added Pin To Net: NetName=OP_OUT12 Pin=R35-1
Added Pin To Net: NetName=OP_OUT12 Pin=U16-4
Added Net: Name=OP_OUT12
Added Pin To Net: NetName=OP_OUT13 Pin=IC2-5
Added Pin To Net: NetName=OP_OUT13 Pin=R36-1
Added Pin To Net: NetName=OP_OUT13 Pin=U17-4
Added Net: Name=OP_OUT13
Added Pin To Net: NetName=OP_OUT14 Pin=IC2-6
Added Pin To Net: NetName=OP_OUT14 Pin=R37-1
Added Pin To Net: NetName=OP_OUT14 Pin=U18-4
Added Net: Name=OP_OUT14
Added Pin To Net: NetName=OP_OUT15 Pin=IC2-7
Added Pin To Net: NetName=OP_OUT15 Pin=R38-1
Added Pin To Net: NetName=OP_OUT15 Pin=U19-4
Added Net: Name=OP_OUT15
Added Pin To Net: NetName=OP_OUT16 Pin=IC2-8
Added Pin To Net: NetName=OP_OUT16 Pin=R39-1
Added Pin To Net: NetName=OP_OUT16 Pin=U20-4
Added Net: Name=OP_OUT16
Added Pin To Net: NetName=OPTO1 Pin=*1-18
Added Pin To Net: NetName=OPTO1 Pin=U5-2
Added Net: Name=OPTO1
Added Pin To Net: NetName=OPTO2 Pin=*1-19
Added Pin To Net: NetName=OPTO2 Pin=U6-2
Added Net: Name=OPTO2
Added Pin To Net: NetName=OPTO3 Pin=*1-21
Added Pin To Net: NetName=OPTO3 Pin=U7-2
Added Net: Name=OPTO3
Added Pin To Net: NetName=OPTO4 Pin=*1-22
Added Pin To Net: NetName=OPTO4 Pin=U8-2
Added Net: Name=OPTO4
Added Pin To Net: NetName=OPTO5 Pin=*1-25
Added Pin To Net: NetName=OPTO5 Pin=U9-2
Added Net: Name=OPTO5
Added Pin To Net: NetName=OPTO6 Pin=*1-26
Added Pin To Net: NetName=OPTO6 Pin=U10-2
Added Net: Name=OPTO6
Added Pin To Net: NetName=OPTO7 Pin=*1-27
Added Pin To Net: NetName=OPTO7 Pin=U11-2
Added Net: Name=OPTO7
Added Pin To Net: NetName=OPTO8 Pin=*1-28
Added Pin To Net: NetName=OPTO8 Pin=U12-2
Added Net: Name=OPTO8
Added Pin To Net: NetName=OPTO9 Pin=*1-29
Added Pin To Net: NetName=OPTO9 Pin=U13-2
Added Net: Name=OPTO9
Added Pin To Net: NetName=OPTO10 Pin=*1-38
Added Pin To Net: NetName=OPTO10 Pin=U14-2
Added Net: Name=OPTO10
Added Pin To Net: NetName=OPTO11 Pin=*1-39
Added Pin To Net: NetName=OPTO11 Pin=U15-2
Added Net: Name=OPTO11
Added Pin To Net: NetName=OPTO12 Pin=*1-40
Added Pin To Net: NetName=OPTO12 Pin=U16-2
Added Net: Name=OPTO12
Added Pin To Net: NetName=OPTO13 Pin=*1-41
Added Pin To Net: NetName=OPTO13 Pin=U17-2
Added Net: Name=OPTO13
Added Pin To Net: NetName=OPTO14 Pin=*1-45
Added Pin To Net: NetName=OPTO14 Pin=U18-2
Added Net: Name=OPTO14
Added Pin To Net: NetName=OPTO15 Pin=*1-46
Added Pin To Net: NetName=OPTO15 Pin=U19-2
Added Net: Name=OPTO15
Added Pin To Net: NetName=OPTO16 Pin=*1-2
Added Pin To Net: NetName=OPTO16 Pin=U20-2
Added Net: Name=OPTO16
Added Pin To Net: NetName=SPI_CS Pin=*1-14
Added Pin To Net: NetName=SPI_CS Pin=JP1-2
Added Net: Name=SPI_CS
Added Pin To Net: NetName=SPI_MISO Pin=*1-16
Added Pin To Net: NetName=SPI_MISO Pin=JP1-4
Added Net: Name=SPI_MISO
Added Pin To Net: NetName=SPI_MOSI Pin=*1-17
Added Pin To Net: NetName=SPI_MOSI Pin=JP1-3
Added Net: Name=SPI_MOSI
Added Pin To Net: NetName=SPI_SCK Pin=*1-15
Added Pin To Net: NetName=SPI_SCK Pin=JP1-5
Added Net: Name=SPI_SCK
Added Pin To Net: NetName=SWCK Pin=*1-37
Added Net: Name=SWCK
Added Pin To Net: NetName=SWDO Pin=*1-34
Added Net: Name=SWDO
Added Pin To Net: NetName=UART_RX Pin=*1-31
Added Pin To Net: NetName=UART_RX Pin=JP3-3
Added Net: Name=UART_RX
Added Pin To Net: NetName=UART_TX Pin=*1-30
Added Pin To Net: NetName=UART_TX Pin=JP3-2
Added Net: Name=UART_TX
Added Pin To Net: NetName=ULN_OUT1 Pin=D2-1
Added Pin To Net: NetName=ULN_OUT1 Pin=D8-2
Added Pin To Net: NetName=ULN_OUT1 Pin=IC1-18
Added Pin To Net: NetName=ULN_OUT1 Pin=R46-1
Added Pin To Net: NetName=ULN_OUT1 Pin=RL1-4
Added Net: Name=ULN_OUT1
Added Pin To Net: NetName=ULN_OUT2 Pin=D3-1
Added Pin To Net: NetName=ULN_OUT2 Pin=D9-2
Added Pin To Net: NetName=ULN_OUT2 Pin=IC1-17
Added Pin To Net: NetName=ULN_OUT2 Pin=R47-1
Added Pin To Net: NetName=ULN_OUT2 Pin=RL2-4
Added Net: Name=ULN_OUT2
Added Pin To Net: NetName=ULN_OUT3 Pin=D4-1
Added Pin To Net: NetName=ULN_OUT3 Pin=D10-2
Added Pin To Net: NetName=ULN_OUT3 Pin=IC1-16
Added Pin To Net: NetName=ULN_OUT3 Pin=R48-1
Added Pin To Net: NetName=ULN_OUT3 Pin=RL3-4
Added Net: Name=ULN_OUT3
Added Pin To Net: NetName=ULN_OUT4 Pin=D5-1
Added Pin To Net: NetName=ULN_OUT4 Pin=D11-2
Added Pin To Net: NetName=ULN_OUT4 Pin=IC1-15
Added Pin To Net: NetName=ULN_OUT4 Pin=R49-1
Added Pin To Net: NetName=ULN_OUT4 Pin=RL4-4
Added Net: Name=ULN_OUT4
Added Pin To Net: NetName=ULN_OUT5 Pin=D6-1
Added Pin To Net: NetName=ULN_OUT5 Pin=D12-2
Added Pin To Net: NetName=ULN_OUT5 Pin=IC1-14
Added Pin To Net: NetName=ULN_OUT5 Pin=R50-1
Added Pin To Net: NetName=ULN_OUT5 Pin=RL5-4
Added Net: Name=ULN_OUT5
Added Pin To Net: NetName=ULN_OUT6 Pin=D7-1
Added Pin To Net: NetName=ULN_OUT6 Pin=D13-2
Added Pin To Net: NetName=ULN_OUT6 Pin=IC1-13
Added Pin To Net: NetName=ULN_OUT6 Pin=R51-1
Added Pin To Net: NetName=ULN_OUT6 Pin=RL6-4
Added Net: Name=ULN_OUT6
Added Pin To Net: NetName=ULN_OUT7 Pin=D14-1
Added Pin To Net: NetName=ULN_OUT7 Pin=D20-2
Added Pin To Net: NetName=ULN_OUT7 Pin=IC1-12
Added Pin To Net: NetName=ULN_OUT7 Pin=R58-1
Added Pin To Net: NetName=ULN_OUT7 Pin=RL7-4
Added Net: Name=ULN_OUT7
Added Pin To Net: NetName=ULN_OUT8 Pin=D15-1
Added Pin To Net: NetName=ULN_OUT8 Pin=D21-2
Added Pin To Net: NetName=ULN_OUT8 Pin=IC1-11
Added Pin To Net: NetName=ULN_OUT8 Pin=R59-1
Added Pin To Net: NetName=ULN_OUT8 Pin=RL8-4
Added Net: Name=ULN_OUT8
Added Pin To Net: NetName=ULN_OUT9 Pin=D16-1
Added Pin To Net: NetName=ULN_OUT9 Pin=D22-2
Added Pin To Net: NetName=ULN_OUT9 Pin=IC2-18
Added Pin To Net: NetName=ULN_OUT9 Pin=R60-1
Added Pin To Net: NetName=ULN_OUT9 Pin=RL9-4
Added Net: Name=ULN_OUT9
Added Pin To Net: NetName=ULN_OUT10 Pin=D17-1
Added Pin To Net: NetName=ULN_OUT10 Pin=D23-2
Added Pin To Net: NetName=ULN_OUT10 Pin=IC2-17
Added Pin To Net: NetName=ULN_OUT10 Pin=R61-1
Added Pin To Net: NetName=ULN_OUT10 Pin=RL10-4
Added Net: Name=ULN_OUT10
Added Pin To Net: NetName=ULN_OUT11 Pin=D18-1
Added Pin To Net: NetName=ULN_OUT11 Pin=D24-2
Added Pin To Net: NetName=ULN_OUT11 Pin=IC2-16
Added Pin To Net: NetName=ULN_OUT11 Pin=R62-1
Added Pin To Net: NetName=ULN_OUT11 Pin=RL11-4
Added Net: Name=ULN_OUT11
Added Pin To Net: NetName=ULN_OUT12 Pin=D19-1
Added Pin To Net: NetName=ULN_OUT12 Pin=D25-2
Added Pin To Net: NetName=ULN_OUT12 Pin=IC2-15
Added Pin To Net: NetName=ULN_OUT12 Pin=R63-1
Added Pin To Net: NetName=ULN_OUT12 Pin=RL12-4
Added Net: Name=ULN_OUT12
Added Pin To Net: NetName=ULN_OUT13 Pin=D26-1
Added Pin To Net: NetName=ULN_OUT13 Pin=D30-2
Added Pin To Net: NetName=ULN_OUT13 Pin=IC2-14
Added Pin To Net: NetName=ULN_OUT13 Pin=R68-1
Added Pin To Net: NetName=ULN_OUT13 Pin=RL13-4
Added Net: Name=ULN_OUT13
Added Pin To Net: NetName=ULN_OUT14 Pin=D27-1
Added Pin To Net: NetName=ULN_OUT14 Pin=D31-2
Added Pin To Net: NetName=ULN_OUT14 Pin=IC2-13
Added Pin To Net: NetName=ULN_OUT14 Pin=R69-1
Added Pin To Net: NetName=ULN_OUT14 Pin=RL14-4
Added Net: Name=ULN_OUT14
Added Pin To Net: NetName=ULN_OUT15 Pin=D28-1
Added Pin To Net: NetName=ULN_OUT15 Pin=D32-2
Added Pin To Net: NetName=ULN_OUT15 Pin=IC2-12
Added Pin To Net: NetName=ULN_OUT15 Pin=R70-1
Added Pin To Net: NetName=ULN_OUT15 Pin=RL15-4
Added Net: Name=ULN_OUT15
Added Pin To Net: NetName=ULN_OUT16 Pin=D29-1
Added Pin To Net: NetName=ULN_OUT16 Pin=D33-2
Added Pin To Net: NetName=ULN_OUT16 Pin=IC2-11
Added Pin To Net: NetName=ULN_OUT16 Pin=R71-1
Added Pin To Net: NetName=ULN_OUT16 Pin=RL16-4
Added Net: Name=ULN_OUT16
Added Pin To Net: NetName=VBAT Pin=*1-1
Added Pin To Net: NetName=VBAT Pin=BT1-1
Added Net: Name=VBAT
Added Pin To Net: NetName=VCC_ISO Pin=*2-4
Added Pin To Net: NetName=VCC_ISO Pin=C4-1
Added Pin To Net: NetName=VCC_ISO Pin=C6-1
Added Pin To Net: NetName=VCC_ISO Pin=R8-1
Added Pin To Net: NetName=VCC_ISO Pin=R9-1
Added Pin To Net: NetName=VCC_ISO Pin=R10-1
Added Pin To Net: NetName=VCC_ISO Pin=R11-1
Added Pin To Net: NetName=VCC_ISO Pin=R12-1
Added Pin To Net: NetName=VCC_ISO Pin=R13-1
Added Pin To Net: NetName=VCC_ISO Pin=R14-1
Added Pin To Net: NetName=VCC_ISO Pin=R15-1
Added Pin To Net: NetName=VCC_ISO Pin=R24-1
Added Pin To Net: NetName=VCC_ISO Pin=R25-1
Added Pin To Net: NetName=VCC_ISO Pin=R26-1
Added Pin To Net: NetName=VCC_ISO Pin=R27-1
Added Pin To Net: NetName=VCC_ISO Pin=R28-1
Added Pin To Net: NetName=VCC_ISO Pin=R29-1
Added Pin To Net: NetName=VCC_ISO Pin=R30-1
Added Pin To Net: NetName=VCC_ISO Pin=R31-1
Added Pin To Net: NetName=VCC_ISO Pin=U1-3
Added Net: Name=VCC_ISO
Added Pin To Net: NetName=VCC Pin=*2-2
Added Pin To Net: NetName=VCC Pin=C8-1
Added Pin To Net: NetName=VCC Pin=D2-2
Added Pin To Net: NetName=VCC Pin=D3-2
Added Pin To Net: NetName=VCC Pin=D4-2
Added Pin To Net: NetName=VCC Pin=D5-2
Added Pin To Net: NetName=VCC Pin=D6-2
Added Pin To Net: NetName=VCC Pin=D7-2
Added Pin To Net: NetName=VCC Pin=D14-2
Added Pin To Net: NetName=VCC Pin=D15-2
Added Pin To Net: NetName=VCC Pin=D16-2
Added Pin To Net: NetName=VCC Pin=D17-2
Added Pin To Net: NetName=VCC Pin=D18-2
Added Pin To Net: NetName=VCC Pin=D19-2
Added Pin To Net: NetName=VCC Pin=D26-2
Added Pin To Net: NetName=VCC Pin=D27-2
Added Pin To Net: NetName=VCC Pin=D28-2
Added Pin To Net: NetName=VCC Pin=D29-2
Added Pin To Net: NetName=VCC Pin=IC1-10
Added Pin To Net: NetName=VCC Pin=IC2-10
Added Pin To Net: NetName=VCC Pin=JP4-1
Added Pin To Net: NetName=VCC Pin=R16-2
Added Pin To Net: NetName=VCC Pin=R17-2
Added Pin To Net: NetName=VCC Pin=R18-2
Added Pin To Net: NetName=VCC Pin=R19-2
Added Pin To Net: NetName=VCC Pin=R20-2
Added Pin To Net: NetName=VCC Pin=R21-2
Added Pin To Net: NetName=VCC Pin=R22-2
Added Pin To Net: NetName=VCC Pin=R23-2
Added Pin To Net: NetName=VCC Pin=R32-2
Added Pin To Net: NetName=VCC Pin=R33-2
Added Pin To Net: NetName=VCC Pin=R34-2
Added Pin To Net: NetName=VCC Pin=R35-2
Added Pin To Net: NetName=VCC Pin=R36-2
Added Pin To Net: NetName=VCC Pin=R37-2
Added Pin To Net: NetName=VCC Pin=R38-2
Added Pin To Net: NetName=VCC Pin=R39-2
Added Pin To Net: NetName=VCC Pin=R40-2
Added Pin To Net: NetName=VCC Pin=R41-2
Added Pin To Net: NetName=VCC Pin=R42-2
Added Pin To Net: NetName=VCC Pin=R43-2
Added Pin To Net: NetName=VCC Pin=R44-2
Added Pin To Net: NetName=VCC Pin=R45-2
Added Pin To Net: NetName=VCC Pin=R46-2
Added Pin To Net: NetName=VCC Pin=R47-2
Added Pin To Net: NetName=VCC Pin=R48-2
Added Pin To Net: NetName=VCC Pin=R49-2
Added Pin To Net: NetName=VCC Pin=R50-2
Added Pin To Net: NetName=VCC Pin=R51-2
Added Pin To Net: NetName=VCC Pin=R52-2
Added Pin To Net: NetName=VCC Pin=R53-2
Added Pin To Net: NetName=VCC Pin=R54-2
Added Pin To Net: NetName=VCC Pin=R55-2
Added Pin To Net: NetName=VCC Pin=R56-2
Added Pin To Net: NetName=VCC Pin=R57-2
Added Pin To Net: NetName=VCC Pin=R58-2
Added Pin To Net: NetName=VCC Pin=R59-2
Added Pin To Net: NetName=VCC Pin=R60-2
Added Pin To Net: NetName=VCC Pin=R61-2
Added Pin To Net: NetName=VCC Pin=R62-2
Added Pin To Net: NetName=VCC Pin=R63-2
Added Pin To Net: NetName=VCC Pin=R64-2
Added Pin To Net: NetName=VCC Pin=R65-2
Added Pin To Net: NetName=VCC Pin=R66-2
Added Pin To Net: NetName=VCC Pin=R67-2
Added Pin To Net: NetName=VCC Pin=R68-2
Added Pin To Net: NetName=VCC Pin=R69-2
Added Pin To Net: NetName=VCC Pin=R70-2
Added Pin To Net: NetName=VCC Pin=R71-2
Added Pin To Net: NetName=VCC Pin=R72-1
Added Pin To Net: NetName=VCC Pin=R73-1
Added Pin To Net: NetName=VCC Pin=R74-1
Added Pin To Net: NetName=VCC Pin=R75-1
Added Pin To Net: NetName=VCC Pin=RL1-3
Added Pin To Net: NetName=VCC Pin=RL2-3
Added Pin To Net: NetName=VCC Pin=RL3-3
Added Pin To Net: NetName=VCC Pin=RL4-3
Added Pin To Net: NetName=VCC Pin=RL5-3
Added Pin To Net: NetName=VCC Pin=RL6-3
Added Pin To Net: NetName=VCC Pin=RL7-3
Added Pin To Net: NetName=VCC Pin=RL8-3
Added Pin To Net: NetName=VCC Pin=RL9-3
Added Pin To Net: NetName=VCC Pin=RL10-3
Added Pin To Net: NetName=VCC Pin=RL11-3
Added Pin To Net: NetName=VCC Pin=RL12-3
Added Pin To Net: NetName=VCC Pin=RL13-3
Added Pin To Net: NetName=VCC Pin=RL14-3
Added Pin To Net: NetName=VCC Pin=RL15-3
Added Pin To Net: NetName=VCC Pin=RL16-3
Added Net: Name=VCC
Added Class: Name=Module_Relay_UART_CAN
Added Room: Name=Module_Relay_UART_CAN
