Added Component: Designator=*1(LQFP48_N)
Added Component: Designator=*2(B0505-1WR2)
Added Component: Designator=BT1(CR1220)
Added Component: Designator=C1(CAP0805)
Added Component: Designator=C2(Cap 16V)
Added Component: Designator=C3(CAP0805)
Added Component: Designator=C4(Cap 16V)
Added Component: Designator=C5(CAP0805)
Added Component: Designator=C6(CAP0805)
Added Component: Designator=C7(CAP0805)
Added Component: Designator=C8(Cap 16V)
Added Component: Designator=C9(CAP0805)
Added Component: Designator=C10(CAP0805)
Added Component: Designator=C11(CAP0805)
Added Component: Designator=C12(CAP0805)
Added Component: Designator=C13(CAP0805)
Added Component: Designator=C14(CAP0805)
Added Component: Designator=C15(CAP0805)
Added Component: Designator=C16(CAP0805)
Added Component: Designator=C17(CAP0805)
Added Component: Designator=C18(CAP0805)
Added Component: Designator=C19(CAP0805)
Added Component: Designator=C20(CAP0805)
Added Component: Designator=D1(LED0805)
Added Component: Designator=D2(D1A)
Added Component: Designator=D3(D1A)
Added Component: Designator=D3(D1A)
Added Component: Designator=D3(D1A)
Added Component: Designator=D3(D1A)
Added Component: Designator=D4(D1A)
Added Component: Designator=D4(D1A)
Added Component: Designator=D4(D1A)
Added Component: Designator=D4(D1A)
Added Component: Designator=D4(D1A)
Added Component: Designator=D4(D1A)
Added Component: Designator=D5(D1A)
Added Component: Designator=D5(D1A)
Added Component: Designator=D5(D1A)
Added Component: Designator=D5(D1A)
Added Component: Designator=D6(D1A)
Added Component: Designator=D6(LED0805)
Added Component: Designator=D7(LED0805)
Added Component: Designator=D7(LED0805)
Added Component: Designator=D7(LED0805)
Added Component: Designator=D7(LED0805)
Added Component: Designator=D8(LED0805)
Added Component: Designator=D8(LED0805)
Added Component: Designator=D8(LED0805)
Added Component: Designator=D8(LED0805)
Added Component: Designator=D8(LED0805)
Added Component: Designator=D8(LED0805)
Added Component: Designator=D9(LED0805)
Added Component: Designator=D9(LED0805)
Added Component: Designator=D9(LED0805)
Added Component: Designator=D9(LED0805)
Added Component: Designator=D10(LED0805)
Added Component: Designator=HD1(HED2T)
Added Component: Designator=HD2(HED3T)
Added Component: Designator=HD3(HED3T)
Added Component: Designator=HD3(HED3T)
Added Component: Designator=HD3(HED3T)
Added Component: Designator=HD3(HED3T)
Added Component: Designator=HD4(HED3T)
Added Component: Designator=HD4(HED3T)
Added Component: Designator=HD4(HED3T)
Added Component: Designator=HD4(HED3T)
Added Component: Designator=HD4(HED3T)
Added Component: Designator=HD4(HED3T)
Added Component: Designator=HD5(HED3T)
Added Component: Designator=HD5(HED3T)
Added Component: Designator=HD5(HED3T)
Added Component: Designator=HD5(HED3T)
Added Component: Designator=HD6(HED3T)
Added Component: Designator=IC?(SOP18)
Added Component: Designator=IC?(SOP18)
Added Component: Designator=JP1(CON6)
Added Component: Designator=JP2(CON4)
Added Component: Designator=JP3(CON4)
Added Component: Designator=JP?(CON6)
Added Component: Designator=P1(HDR1X2)
Added Component: Designator=P2(HDR1X2)
Added Component: Designator=R1(0805)
Added Component: Designator=R2(0805)
Added Component: Designator=R3(0805)
Added Component: Designator=R4(0805)
Added Component: Designator=R5(0805)
Added Component: Designator=R6(0805)
Added Component: Designator=R7(0805)
Added Component: Designator=R8(0805)
Added Component: Designator=R9(0805)
Added Component: Designator=R9(0805)
Added Component: Designator=R9(0805)
Added Component: Designator=R9(0805)
Added Component: Designator=R9(0805)
Added Component: Designator=R10(0805)
Added Component: Designator=R10(0805)
Added Component: Designator=R10(0805)
Added Component: Designator=R10(0805)
Added Component: Designator=R10(0805)
Added Component: Designator=R10(0805)
Added Component: Designator=R10(0805)
Added Component: Designator=R10(0805)
Added Component: Designator=R10(0805)
Added Component: Designator=R10(0805)
Added Component: Designator=R11(0805)
Added Component: Designator=R11(0805)
Added Component: Designator=R11(0805)
Added Component: Designator=R11(0805)
Added Component: Designator=R11(0805)
Added Component: Designator=R11(0805)
Added Component: Designator=R11(0805)
Added Component: Designator=R11(0805)
Added Component: Designator=R11(0805)
Added Component: Designator=R11(0805)
Added Component: Designator=R12(0805)
Added Component: Designator=R12(0805)
Added Component: Designator=R12(0805)
Added Component: Designator=R12(0805)
Added Component: Designator=R12(0805)
Added Component: Designator=R12(0805)
Added Component: Designator=R13(0805)
Added Component: Designator=R13(0805)
Added Component: Designator=R13(0805)
Added Component: Designator=R13(0805)
Added Component: Designator=R13(0805)
Added Component: Designator=R14(0805)
Added Component: Designator=R14(0805)
Added Component: Designator=R14(0805)
Added Component: Designator=R14(0805)
Added Component: Designator=R14(0805)
Added Component: Designator=R14(0805)
Added Component: Designator=R15(0805)
Added Component: Designator=R15(0805)
Added Component: Designator=R15(0805)
Added Component: Designator=R15(0805)
Added Component: Designator=R16(0805)
Added Component: Designator=R16(0805)
Added Component: Designator=R17(0805)
Added Component: Designator=R17(0805)
Added Component: Designator=R17(0805)
Added Component: Designator=R17(0805)
Added Component: Designator=R18(0805)
Added Component: Designator=R18(0805)
Added Component: Designator=R18(0805)
Added Component: Designator=R18(0805)
Added Component: Designator=R18(0805)
Added Component: Designator=R18(0805)
Added Component: Designator=R19(0805)
Added Component: Designator=R19(0805)
Added Component: Designator=R19(0805)
Added Component: Designator=R19(0805)
Added Component: Designator=R20(0805)
Added Component: Designator=R56(0805)
Added Component: Designator=R57(0805)
Added Component: Designator=R58(0805)
Added Component: Designator=R59(0805)
Added Component: Designator=R60(0805)
Added Component: Designator=R61(0805)
Added Component: Designator=R62(0805)
Added Component: Designator=R63(0805)
Added Component: Designator=RL1(RELAY HFE)
Added Component: Designator=RL2(RELAY HFE)
Added Component: Designator=RL2(RELAY HFE)
Added Component: Designator=RL2(RELAY HFE)
Added Component: Designator=RL2(RELAY HFE)
Added Component: Designator=RL3(RELAY HFE)
Added Component: Designator=RL3(RELAY HFE)
Added Component: Designator=RL3(RELAY HFE)
Added Component: Designator=RL3(RELAY HFE)
Added Component: Designator=RL3(RELAY HFE)
Added Component: Designator=RL3(RELAY HFE)
Added Component: Designator=RL4(RELAY HFE)
Added Component: Designator=RL4(RELAY HFE)
Added Component: Designator=RL4(RELAY HFE)
Added Component: Designator=RL4(RELAY HFE)
Added Component: Designator=RL5(RELAY HFE)
Added Component: Designator=SW1(SW2PIN-HT)
Added Component: Designator=U1(SOT223_L)
Added Component: Designator=U2(SO-8)
Added Component: Designator=U3(0805)
Added Component: Designator=U4(CRYSTAL2)
Added Component: Designator=U5(DIP4/W0.3)
Added Component: Designator=U6(DIP4/W0.3)
Added Component: Designator=U6(DIP4/W0.3)
Added Component: Designator=U6(DIP4/W0.3)
Added Component: Designator=U6(DIP4/W0.3)
Added Component: Designator=U7(DIP4/W0.3)
Added Component: Designator=U7(DIP4/W0.3)
Added Component: Designator=U7(DIP4/W0.3)
Added Component: Designator=U7(DIP4/W0.3)
Added Component: Designator=U7(DIP4/W0.3)
Added Component: Designator=U7(DIP4/W0.3)
Added Component: Designator=U8(DIP4/W0.3)
Added Component: Designator=U8(DIP4/W0.3)
Added Component: Designator=U8(DIP4/W0.3)
Added Component: Designator=U8(DIP4/W0.3)
Added Component: Designator=U9(DIP4/W0.3)
Added Component: Designator=U21(DIP4/W0.3)
Added Component: Designator=U22(DIP4/W0.3)
Added Component: Designator=U23(DIP4/W0.3)
Added Component: Designator=U24(DIP4/W0.3)
Added Pin To Net: NetName=3.3V_ISO Pin=*1-9
Added Pin To Net: NetName=3.3V_ISO Pin=*1-24
Added Pin To Net: NetName=3.3V_ISO Pin=*1-36
Added Pin To Net: NetName=3.3V_ISO Pin=*1-48
Added Pin To Net: NetName=3.3V_ISO Pin=C2-1
Added Pin To Net: NetName=3.3V_ISO Pin=C3-1
Added Pin To Net: NetName=3.3V_ISO Pin=C5-2
Added Pin To Net: NetName=3.3V_ISO Pin=C11-1
Added Pin To Net: NetName=3.3V_ISO Pin=C12-1
Added Pin To Net: NetName=3.3V_ISO Pin=C13-1
Added Pin To Net: NetName=3.3V_ISO Pin=C14-1
Added Pin To Net: NetName=3.3V_ISO Pin=C15-1
Added Pin To Net: NetName=3.3V_ISO Pin=C16-1
Added Pin To Net: NetName=3.3V_ISO Pin=C17-1
Added Pin To Net: NetName=3.3V_ISO Pin=C18-1
Added Pin To Net: NetName=3.3V_ISO Pin=C19-1
Added Pin To Net: NetName=3.3V_ISO Pin=JP1-1
Added Pin To Net: NetName=3.3V_ISO Pin=JP2-1
Added Pin To Net: NetName=3.3V_ISO Pin=JP3-1
Added Pin To Net: NetName=3.3V_ISO Pin=R1-2
Added Pin To Net: NetName=3.3V_ISO Pin=R3-2
Added Pin To Net: NetName=3.3V_ISO Pin=R4-2
Added Pin To Net: NetName=3.3V_ISO Pin=R5-2
Added Pin To Net: NetName=3.3V_ISO Pin=R6-2
Added Pin To Net: NetName=3.3V_ISO Pin=R7-2
Added Pin To Net: NetName=3.3V_ISO Pin=R60-2
Added Pin To Net: NetName=3.3V_ISO Pin=R61-2
Added Pin To Net: NetName=3.3V_ISO Pin=R62-2
Added Pin To Net: NetName=3.3V_ISO Pin=R63-2
Added Pin To Net: NetName=3.3V_ISO Pin=U1-2
Added Pin To Net: NetName=3.3V_ISO Pin=U2-3
Added Net: Name=3.3V_ISO
Added Pin To Net: NetName=BOOT0 Pin=*1-44
Added Pin To Net: NetName=BOOT0 Pin=P2-1
Added Pin To Net: NetName=BOOT0 Pin=R5-1
Added Net: Name=BOOT0
Added Pin To Net: NetName=BOOT1 Pin=*1-20
Added Pin To Net: NetName=BOOT1 Pin=P1-1
Added Pin To Net: NetName=BOOT1 Pin=R3-1
Added Net: Name=BOOT1
Added Pin To Net: NetName=CAN_RX Pin=*1-32
Added Pin To Net: NetName=CAN_RX Pin=U2-4
Added Net: Name=CAN_RX
Added Pin To Net: NetName=CAN_TX Pin=*1-33
Added Pin To Net: NetName=CAN_TX Pin=U2-1
Added Net: Name=CAN_TX
Added Pin To Net: NetName=GND_ISO Pin=*1-8
Added Pin To Net: NetName=GND_ISO Pin=*1-23
Added Pin To Net: NetName=GND_ISO Pin=*1-35
Added Pin To Net: NetName=GND_ISO Pin=*1-47
Added Pin To Net: NetName=GND_ISO Pin=*2-3
Added Pin To Net: NetName=GND_ISO Pin=BT1-2
Added Pin To Net: NetName=GND_ISO Pin=C1-2
Added Pin To Net: NetName=GND_ISO Pin=C2-2
Added Pin To Net: NetName=GND_ISO Pin=C3-2
Added Pin To Net: NetName=GND_ISO Pin=C4-2
Added Pin To Net: NetName=GND_ISO Pin=C5-1
Added Pin To Net: NetName=GND_ISO Pin=C6-2
Added Pin To Net: NetName=GND_ISO Pin=C7-2
Added Pin To Net: NetName=GND_ISO Pin=C9-2
Added Pin To Net: NetName=GND_ISO Pin=C10-2
Added Pin To Net: NetName=GND_ISO Pin=C11-2
Added Pin To Net: NetName=GND_ISO Pin=C12-2
Added Pin To Net: NetName=GND_ISO Pin=C13-2
Added Pin To Net: NetName=GND_ISO Pin=C14-2
Added Pin To Net: NetName=GND_ISO Pin=C15-2
Added Pin To Net: NetName=GND_ISO Pin=C16-2
Added Pin To Net: NetName=GND_ISO Pin=C17-2
Added Pin To Net: NetName=GND_ISO Pin=C18-2
Added Pin To Net: NetName=GND_ISO Pin=C19-2
Added Pin To Net: NetName=GND_ISO Pin=C20-2
Added Pin To Net: NetName=GND_ISO Pin=D1-2
Added Pin To Net: NetName=GND_ISO Pin=JP1-6
Added Pin To Net: NetName=GND_ISO Pin=JP2-4
Added Pin To Net: NetName=GND_ISO Pin=JP3-4
Added Pin To Net: NetName=GND_ISO Pin=P1-2
Added Pin To Net: NetName=GND_ISO Pin=P2-2
Added Pin To Net: NetName=GND_ISO Pin=SW1-1
Added Pin To Net: NetName=GND_ISO Pin=U1-1
Added Pin To Net: NetName=GND_ISO Pin=U2-2
Added Pin To Net: NetName=GND_ISO Pin=U2-8
Added Pin To Net: NetName=GND_ISO Pin=U21-3
Added Pin To Net: NetName=GND_ISO Pin=U22-3
Added Pin To Net: NetName=GND_ISO Pin=U23-3
Added Pin To Net: NetName=GND_ISO Pin=U24-3
Added Net: Name=GND_ISO
Added Pin To Net: NetName=GND Pin=*2-1
Added Pin To Net: NetName=GND Pin=C8-2
Added Pin To Net: NetName=GND Pin=IC?-9
Added Pin To Net: NetName=GND Pin=IC?-9
Added Pin To Net: NetName=GND Pin=JP?-6
Added Pin To Net: NetName=GND Pin=U5-3
Added Pin To Net: NetName=GND Pin=U6-3
Added Pin To Net: NetName=GND Pin=U6-3
Added Pin To Net: NetName=GND Pin=U6-3
Added Pin To Net: NetName=GND Pin=U6-3
Added Pin To Net: NetName=GND Pin=U7-3
Added Pin To Net: NetName=GND Pin=U7-3
Added Pin To Net: NetName=GND Pin=U7-3
Added Pin To Net: NetName=GND Pin=U7-3
Added Pin To Net: NetName=GND Pin=U7-3
Added Pin To Net: NetName=GND Pin=U7-3
Added Pin To Net: NetName=GND Pin=U8-3
Added Pin To Net: NetName=GND Pin=U8-3
Added Pin To Net: NetName=GND Pin=U8-3
Added Pin To Net: NetName=GND Pin=U8-3
Added Pin To Net: NetName=GND Pin=U9-3
Added Net: Name=GND
Added Pin To Net: NetName=HS_XTAL1 Pin=*1-5
Added Pin To Net: NetName=HS_XTAL1 Pin=C9-1
Added Pin To Net: NetName=HS_XTAL1 Pin=U4-2
Added Net: Name=HS_XTAL1
Added Pin To Net: NetName=HS_XTAL2 Pin=*1-6
Added Pin To Net: NetName=HS_XTAL2 Pin=C10-1
Added Pin To Net: NetName=HS_XTAL2 Pin=U4-1
Added Net: Name=HS_XTAL2
Added Pin To Net: NetName=I2C_SCK Pin=*1-43
Added Net: Name=I2C_SCK
Added Pin To Net: NetName=I2C_SCL Pin=*1-42
Added Pin To Net: NetName=I2C_SCL Pin=JP2-3
Added Pin To Net: NetName=I2C_SCL Pin=R7-1
Added Net: Name=I2C_SCL
Added Pin To Net: NetName=I2C_SDA Pin=JP2-2
Added Pin To Net: NetName=I2C_SDA Pin=R6-1
Added Net: Name=I2C_SDA
Added Pin To Net: NetName=IN1 Pin=JP?-2
Added Pin To Net: NetName=IN1 Pin=U21-2
Added Net: Name=IN1
Added Pin To Net: NetName=IN2 Pin=JP?-3
Added Pin To Net: NetName=IN2 Pin=U22-2
Added Net: Name=IN2
Added Pin To Net: NetName=IN3 Pin=JP?-4
Added Pin To Net: NetName=IN3 Pin=U23-2
Added Net: Name=IN3
Added Pin To Net: NetName=IN4 Pin=JP?-5
Added Pin To Net: NetName=IN4 Pin=U24-2
Added Net: Name=IN4
Added Pin To Net: NetName=INPUT1 Pin=*1-10
Added Pin To Net: NetName=INPUT1 Pin=R60-1
Added Pin To Net: NetName=INPUT1 Pin=U21-4
Added Net: Name=INPUT1
Added Pin To Net: NetName=INPUT2 Pin=*1-11
Added Pin To Net: NetName=INPUT2 Pin=R61-1
Added Pin To Net: NetName=INPUT2 Pin=U22-4
Added Net: Name=INPUT2
Added Pin To Net: NetName=INPUT3 Pin=*1-12
Added Pin To Net: NetName=INPUT3 Pin=R62-1
Added Pin To Net: NetName=INPUT3 Pin=U23-4
Added Net: Name=INPUT3
Added Pin To Net: NetName=INPUT4 Pin=*1-13
Added Pin To Net: NetName=INPUT4 Pin=R63-1
Added Pin To Net: NetName=INPUT4 Pin=U24-4
Added Net: Name=INPUT4
Added Pin To Net: NetName=LS_XTAL1 Pin=C1-1
Added Pin To Net: NetName=LS_XTAL1 Pin=U3-2
Added Net: Name=LS_XTAL1
Added Pin To Net: NetName=LS_XTAL2 Pin=*1-4
Added Pin To Net: NetName=LS_XTAL2 Pin=C7-1
Added Pin To Net: NetName=LS_XTAL2 Pin=U3-1
Added Net: Name=LS_XTAL2
Added Pin To Net: NetName=LS_XTAL3 Pin=*1-3
Added Net: Name=LS_XTAL3
Added Pin To Net: NetName=NetD1_1 Pin=D1-1
Added Pin To Net: NetName=NetD1_1 Pin=R1-1
Added Net: Name=NetD1_1
Added Pin To Net: NetName=NetD6_1 Pin=D6-1
Added Pin To Net: NetName=NetD6_1 Pin=R8-1
Added Net: Name=NetD6_1
Added Pin To Net: NetName=NetD7_1 Pin=D7-1
Added Pin To Net: NetName=NetD7_1 Pin=R9-1
Added Net: Name=NetD7_1
Added Pin To Net: NetName=NetD8_1 Pin=D8-1
Added Pin To Net: NetName=NetD8_1 Pin=R10-1
Added Net: Name=NetD8_1
Added Pin To Net: NetName=NetD9_1 Pin=D9-1
Added Pin To Net: NetName=NetD9_1 Pin=R11-1
Added Net: Name=NetD9_1
Added Pin To Net: NetName=NetD10_1 Pin=D10-1
Added Pin To Net: NetName=NetD10_1 Pin=R12-1
Added Net: Name=NetD10_1
Added Pin To Net: NetName=NetHD1_1 Pin=HD1-1
Added Pin To Net: NetName=NetHD1_1 Pin=R2-2
Added Pin To Net: NetName=NetHD1_1 Pin=U2-6
Added Net: Name=NetHD1_1
Added Pin To Net: NetName=NetHD1_2 Pin=HD1-2
Added Pin To Net: NetName=NetHD1_2 Pin=R2-1
Added Pin To Net: NetName=NetHD1_2 Pin=U2-7
Added Net: Name=NetHD1_2
Added Pin To Net: NetName=NetHD2_1 Pin=HD2-1
Added Pin To Net: NetName=NetHD2_1 Pin=RL1-1
Added Net: Name=NetHD2_1
Added Pin To Net: NetName=NetHD2_2 Pin=HD2-2
Added Pin To Net: NetName=NetHD2_2 Pin=RL1-5
Added Net: Name=NetHD2_2
Added Pin To Net: NetName=NetHD2_3 Pin=HD2-3
Added Pin To Net: NetName=NetHD2_3 Pin=RL1-2
Added Net: Name=NetHD2_3
Added Pin To Net: NetName=NetHD3_1 Pin=HD3-1
Added Pin To Net: NetName=NetHD3_1 Pin=RL2-1
Added Net: Name=NetHD3_1
Added Pin To Net: NetName=NetHD3_2 Pin=HD3-2
Added Pin To Net: NetName=NetHD3_2 Pin=RL2-5
Added Net: Name=NetHD3_2
Added Pin To Net: NetName=NetHD3_3 Pin=HD3-3
Added Pin To Net: NetName=NetHD3_3 Pin=RL2-2
Added Net: Name=NetHD3_3
Added Pin To Net: NetName=NetHD4_1 Pin=HD4-1
Added Pin To Net: NetName=NetHD4_1 Pin=RL3-1
Added Net: Name=NetHD4_1
Added Pin To Net: NetName=NetHD4_2 Pin=HD4-2
Added Pin To Net: NetName=NetHD4_2 Pin=RL3-5
Added Net: Name=NetHD4_2
Added Pin To Net: NetName=NetHD4_3 Pin=HD4-3
Added Pin To Net: NetName=NetHD4_3 Pin=RL3-2
Added Net: Name=NetHD4_3
Added Pin To Net: NetName=NetHD5_1 Pin=HD5-1
Added Pin To Net: NetName=NetHD5_1 Pin=RL4-1
Added Net: Name=NetHD5_1
Added Pin To Net: NetName=NetHD5_2 Pin=HD5-2
Added Pin To Net: NetName=NetHD5_2 Pin=RL4-5
Added Net: Name=NetHD5_2
Added Pin To Net: NetName=NetHD5_3 Pin=HD5-3
Added Pin To Net: NetName=NetHD5_3 Pin=RL4-2
Added Net: Name=NetHD5_3
Added Pin To Net: NetName=NetHD6_1 Pin=HD6-1
Added Pin To Net: NetName=NetHD6_1 Pin=RL5-1
Added Net: Name=NetHD6_1
Added Pin To Net: NetName=NetHD6_2 Pin=HD6-2
Added Pin To Net: NetName=NetHD6_2 Pin=RL5-5
Added Net: Name=NetHD6_2
Added Pin To Net: NetName=NetHD6_3 Pin=HD6-3
Added Pin To Net: NetName=NetHD6_3 Pin=RL5-2
Added Net: Name=NetHD6_3
Added Pin To Net: NetName=NetR16_2 Pin=R16-2
Added Pin To Net: NetName=NetR16_2 Pin=U5-1
Added Net: Name=NetR16_2
Added Pin To Net: NetName=NetR17_2 Pin=R17-2
Added Pin To Net: NetName=NetR17_2 Pin=U6-1
Added Net: Name=NetR17_2
Added Pin To Net: NetName=NetR18_2 Pin=R18-2
Added Pin To Net: NetName=NetR18_2 Pin=U7-1
Added Net: Name=NetR18_2
Added Pin To Net: NetName=NetR19_2 Pin=R19-2
Added Pin To Net: NetName=NetR19_2 Pin=U8-1
Added Net: Name=NetR19_2
Added Pin To Net: NetName=NetR20_2 Pin=R20-2
Added Pin To Net: NetName=NetR20_2 Pin=U9-1
Added Net: Name=NetR20_2
Added Pin To Net: NetName=NetR56_2 Pin=R56-2
Added Pin To Net: NetName=NetR56_2 Pin=U21-1
Added Net: Name=NetR56_2
Added Pin To Net: NetName=NetR57_2 Pin=R57-2
Added Pin To Net: NetName=NetR57_2 Pin=U22-1
Added Net: Name=NetR57_2
Added Pin To Net: NetName=NetR58_2 Pin=R58-2
Added Pin To Net: NetName=NetR58_2 Pin=U23-1
Added Net: Name=NetR58_2
Added Pin To Net: NetName=NetR59_2 Pin=R59-2
Added Pin To Net: NetName=NetR59_2 Pin=U24-1
Added Net: Name=NetR59_2
Added Pin To Net: NetName=NRST Pin=*1-7
Added Pin To Net: NetName=NRST Pin=C20-1
Added Pin To Net: NetName=NRST Pin=R4-1
Added Pin To Net: NetName=NRST Pin=SW1-2
Added Net: Name=NRST
Added Pin To Net: NetName=OP_OUT1 Pin=IC?-1
Added Pin To Net: NetName=OP_OUT1 Pin=R9-1
Added Pin To Net: NetName=OP_OUT1 Pin=U5-4
Added Net: Name=OP_OUT1
Added Pin To Net: NetName=OP_OUT2 Pin=IC?-2
Added Pin To Net: NetName=OP_OUT2 Pin=R10-1
Added Pin To Net: NetName=OP_OUT2 Pin=U6-4
Added Net: Name=OP_OUT2
Added Pin To Net: NetName=OP_OUT3 Pin=IC?-3
Added Pin To Net: NetName=OP_OUT3 Pin=R10-1
Added Pin To Net: NetName=OP_OUT3 Pin=U6-4
Added Net: Name=OP_OUT3
Added Pin To Net: NetName=OP_OUT4 Pin=IC?-4
Added Pin To Net: NetName=OP_OUT4 Pin=R11-1
Added Pin To Net: NetName=OP_OUT4 Pin=U7-4
Added Net: Name=OP_OUT4
Added Pin To Net: NetName=OP_OUT5 Pin=IC?-5
Added Pin To Net: NetName=OP_OUT5 Pin=R10-1
Added Pin To Net: NetName=OP_OUT5 Pin=U6-4
Added Net: Name=OP_OUT5
Added Pin To Net: NetName=OP_OUT6 Pin=IC?-6
Added Pin To Net: NetName=OP_OUT6 Pin=R11-1
Added Pin To Net: NetName=OP_OUT6 Pin=U7-4
Added Net: Name=OP_OUT6
Added Pin To Net: NetName=OP_OUT7 Pin=IC?-7
Added Pin To Net: NetName=OP_OUT7 Pin=R11-1
Added Pin To Net: NetName=OP_OUT7 Pin=U7-4
Added Net: Name=OP_OUT7
Added Pin To Net: NetName=OP_OUT8 Pin=IC?-8
Added Pin To Net: NetName=OP_OUT8 Pin=R12-1
Added Pin To Net: NetName=OP_OUT8 Pin=U8-4
Added Net: Name=OP_OUT8
Added Pin To Net: NetName=OP_OUT9 Pin=IC?-1
Added Pin To Net: NetName=OP_OUT9 Pin=R10-1
Added Pin To Net: NetName=OP_OUT9 Pin=U6-4
Added Net: Name=OP_OUT9
Added Pin To Net: NetName=OP_OUT10 Pin=IC?-2
Added Pin To Net: NetName=OP_OUT10 Pin=R11-1
Added Pin To Net: NetName=OP_OUT10 Pin=U7-4
Added Net: Name=OP_OUT10
Added Pin To Net: NetName=OP_OUT11 Pin=IC?-3
Added Pin To Net: NetName=OP_OUT11 Pin=R11-1
Added Pin To Net: NetName=OP_OUT11 Pin=U7-4
Added Net: Name=OP_OUT11
Added Pin To Net: NetName=OP_OUT12 Pin=IC?-4
Added Pin To Net: NetName=OP_OUT12 Pin=R12-1
Added Pin To Net: NetName=OP_OUT12 Pin=U8-4
Added Net: Name=OP_OUT12
Added Pin To Net: NetName=OP_OUT13 Pin=IC?-5
Added Pin To Net: NetName=OP_OUT13 Pin=R11-1
Added Pin To Net: NetName=OP_OUT13 Pin=U7-4
Added Net: Name=OP_OUT13
Added Pin To Net: NetName=OP_OUT14 Pin=IC?-6
Added Pin To Net: NetName=OP_OUT14 Pin=R12-1
Added Pin To Net: NetName=OP_OUT14 Pin=U8-4
Added Net: Name=OP_OUT14
Added Pin To Net: NetName=OP_OUT15 Pin=IC?-7
Added Pin To Net: NetName=OP_OUT15 Pin=R12-1
Added Pin To Net: NetName=OP_OUT15 Pin=U8-4
Added Net: Name=OP_OUT15
Added Pin To Net: NetName=OP_OUT16 Pin=IC?-8
Added Pin To Net: NetName=OP_OUT16 Pin=R13-1
Added Pin To Net: NetName=OP_OUT16 Pin=U9-4
Added Net: Name=OP_OUT16
Added Pin To Net: NetName=OPTO1 Pin=*1-18
Added Pin To Net: NetName=OPTO1 Pin=U5-2
Added Net: Name=OPTO1
Added Pin To Net: NetName=OPTO2 Pin=*1-19
Added Pin To Net: NetName=OPTO2 Pin=U6-2
Added Net: Name=OPTO2
Added Pin To Net: NetName=OPTO3 Pin=*1-21
Added Pin To Net: NetName=OPTO3 Pin=U6-2
Added Net: Name=OPTO3
Added Pin To Net: NetName=OPTO4 Pin=*1-22
Added Pin To Net: NetName=OPTO4 Pin=U7-2
Added Net: Name=OPTO4
Added Pin To Net: NetName=OPTO5 Pin=*1-25
Added Pin To Net: NetName=OPTO5 Pin=U6-2
Added Net: Name=OPTO5
Added Pin To Net: NetName=OPTO6 Pin=*1-26
Added Pin To Net: NetName=OPTO6 Pin=U7-2
Added Net: Name=OPTO6
Added Pin To Net: NetName=OPTO7 Pin=*1-27
Added Pin To Net: NetName=OPTO7 Pin=U7-2
Added Net: Name=OPTO7
Added Pin To Net: NetName=OPTO8 Pin=*1-28
Added Pin To Net: NetName=OPTO8 Pin=U8-2
Added Net: Name=OPTO8
Added Pin To Net: NetName=OPTO9 Pin=*1-29
Added Pin To Net: NetName=OPTO9 Pin=U6-2
Added Net: Name=OPTO9
Added Pin To Net: NetName=OPTO10 Pin=*1-38
Added Pin To Net: NetName=OPTO10 Pin=U7-2
Added Net: Name=OPTO10
Added Pin To Net: NetName=OPTO11 Pin=*1-39
Added Pin To Net: NetName=OPTO11 Pin=U7-2
Added Net: Name=OPTO11
Added Pin To Net: NetName=OPTO12 Pin=*1-40
Added Pin To Net: NetName=OPTO12 Pin=U8-2
Added Net: Name=OPTO12
Added Pin To Net: NetName=OPTO13 Pin=*1-41
Added Pin To Net: NetName=OPTO13 Pin=U7-2
Added Net: Name=OPTO13
Added Pin To Net: NetName=OPTO14 Pin=*1-45
Added Pin To Net: NetName=OPTO14 Pin=U8-2
Added Net: Name=OPTO14
Added Pin To Net: NetName=OPTO15 Pin=*1-46
Added Pin To Net: NetName=OPTO15 Pin=U8-2
Added Net: Name=OPTO15
Added Pin To Net: NetName=OPTO16 Pin=*1-2
Added Pin To Net: NetName=OPTO16 Pin=U9-2
Added Net: Name=OPTO16
Added Pin To Net: NetName=SPI_CS Pin=*1-14
Added Pin To Net: NetName=SPI_CS Pin=JP1-2
Added Net: Name=SPI_CS
Added Pin To Net: NetName=SPI_MISO Pin=*1-16
Added Pin To Net: NetName=SPI_MISO Pin=JP1-4
Added Net: Name=SPI_MISO
Added Pin To Net: NetName=SPI_MOSI Pin=*1-17
Added Pin To Net: NetName=SPI_MOSI Pin=JP1-3
Added Net: Name=SPI_MOSI
Added Pin To Net: NetName=SPI_SCK Pin=*1-15
Added Pin To Net: NetName=SPI_SCK Pin=JP1-5
Added Net: Name=SPI_SCK
Added Pin To Net: NetName=SWCK Pin=*1-37
Added Net: Name=SWCK
Added Pin To Net: NetName=SWDO Pin=*1-34
Added Net: Name=SWDO
Added Pin To Net: NetName=UART_RX Pin=*1-31
Added Pin To Net: NetName=UART_RX Pin=JP3-3
Added Net: Name=UART_RX
Added Pin To Net: NetName=UART_TX Pin=*1-30
Added Pin To Net: NetName=UART_TX Pin=JP3-2
Added Net: Name=UART_TX
Added Pin To Net: NetName=ULN_OUT1 Pin=D2-1
Added Pin To Net: NetName=ULN_OUT1 Pin=D6-2
Added Pin To Net: NetName=ULN_OUT1 Pin=IC?-18
Added Pin To Net: NetName=ULN_OUT1 Pin=R12-1
Added Pin To Net: NetName=ULN_OUT1 Pin=RL1-4
Added Net: Name=ULN_OUT1
Added Pin To Net: NetName=ULN_OUT2 Pin=D3-1
Added Pin To Net: NetName=ULN_OUT2 Pin=D7-2
Added Pin To Net: NetName=ULN_OUT2 Pin=IC?-17
Added Pin To Net: NetName=ULN_OUT2 Pin=R13-1
Added Pin To Net: NetName=ULN_OUT2 Pin=RL2-4
Added Net: Name=ULN_OUT2
Added Pin To Net: NetName=ULN_OUT3 Pin=D3-1
Added Pin To Net: NetName=ULN_OUT3 Pin=D7-2
Added Pin To Net: NetName=ULN_OUT3 Pin=IC?-16
Added Pin To Net: NetName=ULN_OUT3 Pin=R13-1
Added Pin To Net: NetName=ULN_OUT3 Pin=RL2-4
Added Net: Name=ULN_OUT3
Added Pin To Net: NetName=ULN_OUT4 Pin=D4-1
Added Pin To Net: NetName=ULN_OUT4 Pin=D8-2
Added Pin To Net: NetName=ULN_OUT4 Pin=IC?-15
Added Pin To Net: NetName=ULN_OUT4 Pin=R14-1
Added Pin To Net: NetName=ULN_OUT4 Pin=RL3-4
Added Net: Name=ULN_OUT4
Added Pin To Net: NetName=ULN_OUT5 Pin=D3-1
Added Pin To Net: NetName=ULN_OUT5 Pin=D7-2
Added Pin To Net: NetName=ULN_OUT5 Pin=IC?-14
Added Pin To Net: NetName=ULN_OUT5 Pin=R13-1
Added Pin To Net: NetName=ULN_OUT5 Pin=RL2-4
Added Net: Name=ULN_OUT5
Added Pin To Net: NetName=ULN_OUT6 Pin=D4-1
Added Pin To Net: NetName=ULN_OUT6 Pin=D8-2
Added Pin To Net: NetName=ULN_OUT6 Pin=IC?-13
Added Pin To Net: NetName=ULN_OUT6 Pin=R14-1
Added Pin To Net: NetName=ULN_OUT6 Pin=RL3-4
Added Net: Name=ULN_OUT6
Added Pin To Net: NetName=ULN_OUT7 Pin=D3-1
Added Pin To Net: NetName=ULN_OUT7 Pin=D7-2
Added Pin To Net: NetName=ULN_OUT7 Pin=IC?-12
Added Pin To Net: NetName=ULN_OUT7 Pin=R13-1
Added Pin To Net: NetName=ULN_OUT7 Pin=RL2-4
Added Net: Name=ULN_OUT7
Added Pin To Net: NetName=ULN_OUT8 Pin=D4-1
Added Pin To Net: NetName=ULN_OUT8 Pin=D8-2
Added Pin To Net: NetName=ULN_OUT8 Pin=IC?-11
Added Pin To Net: NetName=ULN_OUT8 Pin=R14-1
Added Pin To Net: NetName=ULN_OUT8 Pin=RL3-4
Added Net: Name=ULN_OUT8
Added Pin To Net: NetName=ULN_OUT9 Pin=D4-1
Added Pin To Net: NetName=ULN_OUT9 Pin=D8-2
Added Pin To Net: NetName=ULN_OUT9 Pin=IC?-18
Added Pin To Net: NetName=ULN_OUT9 Pin=R14-1
Added Pin To Net: NetName=ULN_OUT9 Pin=RL3-4
Added Net: Name=ULN_OUT9
Added Pin To Net: NetName=ULN_OUT10 Pin=D5-1
Added Pin To Net: NetName=ULN_OUT10 Pin=D9-2
Added Pin To Net: NetName=ULN_OUT10 Pin=IC?-17
Added Pin To Net: NetName=ULN_OUT10 Pin=R15-1
Added Pin To Net: NetName=ULN_OUT10 Pin=RL4-4
Added Net: Name=ULN_OUT10
Added Pin To Net: NetName=ULN_OUT11 Pin=D4-1
Added Pin To Net: NetName=ULN_OUT11 Pin=D8-2
Added Pin To Net: NetName=ULN_OUT11 Pin=IC?-16
Added Pin To Net: NetName=ULN_OUT11 Pin=R14-1
Added Pin To Net: NetName=ULN_OUT11 Pin=RL3-4
Added Net: Name=ULN_OUT11
Added Pin To Net: NetName=ULN_OUT12 Pin=D5-1
Added Pin To Net: NetName=ULN_OUT12 Pin=D9-2
Added Pin To Net: NetName=ULN_OUT12 Pin=IC?-15
Added Pin To Net: NetName=ULN_OUT12 Pin=R15-1
Added Pin To Net: NetName=ULN_OUT12 Pin=RL4-4
Added Net: Name=ULN_OUT12
Added Pin To Net: NetName=ULN_OUT13 Pin=D4-1
Added Pin To Net: NetName=ULN_OUT13 Pin=D8-2
Added Pin To Net: NetName=ULN_OUT13 Pin=IC?-14
Added Pin To Net: NetName=ULN_OUT13 Pin=R14-1
Added Pin To Net: NetName=ULN_OUT13 Pin=RL3-4
Added Net: Name=ULN_OUT13
Added Pin To Net: NetName=ULN_OUT14 Pin=D5-1
Added Pin To Net: NetName=ULN_OUT14 Pin=D9-2
Added Pin To Net: NetName=ULN_OUT14 Pin=IC?-13
Added Pin To Net: NetName=ULN_OUT14 Pin=R15-1
Added Pin To Net: NetName=ULN_OUT14 Pin=RL4-4
Added Net: Name=ULN_OUT14
Added Pin To Net: NetName=ULN_OUT15 Pin=D5-1
Added Pin To Net: NetName=ULN_OUT15 Pin=D9-2
Added Pin To Net: NetName=ULN_OUT15 Pin=IC?-12
Added Pin To Net: NetName=ULN_OUT15 Pin=R15-1
Added Pin To Net: NetName=ULN_OUT15 Pin=RL4-4
Added Net: Name=ULN_OUT15
Added Pin To Net: NetName=ULN_OUT16 Pin=D6-1
Added Pin To Net: NetName=ULN_OUT16 Pin=D10-2
Added Pin To Net: NetName=ULN_OUT16 Pin=IC?-11
Added Pin To Net: NetName=ULN_OUT16 Pin=R16-1
Added Pin To Net: NetName=ULN_OUT16 Pin=RL5-4
Added Net: Name=ULN_OUT16
Added Pin To Net: NetName=VBAT Pin=*1-1
Added Pin To Net: NetName=VBAT Pin=BT1-1
Added Net: Name=VBAT
Added Pin To Net: NetName=VCC_ISO Pin=*2-4
Added Pin To Net: NetName=VCC_ISO Pin=C4-1
Added Pin To Net: NetName=VCC_ISO Pin=C6-1
Added Pin To Net: NetName=VCC_ISO Pin=R16-1
Added Pin To Net: NetName=VCC_ISO Pin=R17-1
Added Pin To Net: NetName=VCC_ISO Pin=R17-1
Added Pin To Net: NetName=VCC_ISO Pin=R17-1
Added Pin To Net: NetName=VCC_ISO Pin=R17-1
Added Pin To Net: NetName=VCC_ISO Pin=R18-1
Added Pin To Net: NetName=VCC_ISO Pin=R18-1
Added Pin To Net: NetName=VCC_ISO Pin=R18-1
Added Pin To Net: NetName=VCC_ISO Pin=R18-1
Added Pin To Net: NetName=VCC_ISO Pin=R18-1
Added Pin To Net: NetName=VCC_ISO Pin=R18-1
Added Pin To Net: NetName=VCC_ISO Pin=R19-1
Added Pin To Net: NetName=VCC_ISO Pin=R19-1
Added Pin To Net: NetName=VCC_ISO Pin=R19-1
Added Pin To Net: NetName=VCC_ISO Pin=R19-1
Added Pin To Net: NetName=VCC_ISO Pin=R20-1
Added Pin To Net: NetName=VCC_ISO Pin=U1-3
Added Net: Name=VCC_ISO
Added Pin To Net: NetName=VCC Pin=*2-2
Added Pin To Net: NetName=VCC Pin=C8-1
Added Pin To Net: NetName=VCC Pin=D2-2
Added Pin To Net: NetName=VCC Pin=D3-2
Added Pin To Net: NetName=VCC Pin=D3-2
Added Pin To Net: NetName=VCC Pin=D3-2
Added Pin To Net: NetName=VCC Pin=D3-2
Added Pin To Net: NetName=VCC Pin=D4-2
Added Pin To Net: NetName=VCC Pin=D4-2
Added Pin To Net: NetName=VCC Pin=D4-2
Added Pin To Net: NetName=VCC Pin=D4-2
Added Pin To Net: NetName=VCC Pin=D4-2
Added Pin To Net: NetName=VCC Pin=D4-2
Added Pin To Net: NetName=VCC Pin=D5-2
Added Pin To Net: NetName=VCC Pin=D5-2
Added Pin To Net: NetName=VCC Pin=D5-2
Added Pin To Net: NetName=VCC Pin=D5-2
Added Pin To Net: NetName=VCC Pin=D6-2
Added Pin To Net: NetName=VCC Pin=IC?-10
Added Pin To Net: NetName=VCC Pin=IC?-10
Added Pin To Net: NetName=VCC Pin=JP?-1
Added Pin To Net: NetName=VCC Pin=R8-2
Added Pin To Net: NetName=VCC Pin=R9-2
Added Pin To Net: NetName=VCC Pin=R9-2
Added Pin To Net: NetName=VCC Pin=R9-2
Added Pin To Net: NetName=VCC Pin=R9-2
Added Pin To Net: NetName=VCC Pin=R9-2
Added Pin To Net: NetName=VCC Pin=R10-2
Added Pin To Net: NetName=VCC Pin=R10-2
Added Pin To Net: NetName=VCC Pin=R10-2
Added Pin To Net: NetName=VCC Pin=R10-2
Added Pin To Net: NetName=VCC Pin=R10-2
Added Pin To Net: NetName=VCC Pin=R10-2
Added Pin To Net: NetName=VCC Pin=R10-2
Added Pin To Net: NetName=VCC Pin=R10-2
Added Pin To Net: NetName=VCC Pin=R10-2
Added Pin To Net: NetName=VCC Pin=R10-2
Added Pin To Net: NetName=VCC Pin=R11-2
Added Pin To Net: NetName=VCC Pin=R11-2
Added Pin To Net: NetName=VCC Pin=R11-2
Added Pin To Net: NetName=VCC Pin=R11-2
Added Pin To Net: NetName=VCC Pin=R11-2
Added Pin To Net: NetName=VCC Pin=R11-2
Added Pin To Net: NetName=VCC Pin=R11-2
Added Pin To Net: NetName=VCC Pin=R11-2
Added Pin To Net: NetName=VCC Pin=R11-2
Added Pin To Net: NetName=VCC Pin=R11-2
Added Pin To Net: NetName=VCC Pin=R12-2
Added Pin To Net: NetName=VCC Pin=R12-2
Added Pin To Net: NetName=VCC Pin=R12-2
Added Pin To Net: NetName=VCC Pin=R12-2
Added Pin To Net: NetName=VCC Pin=R12-2
Added Pin To Net: NetName=VCC Pin=R12-2
Added Pin To Net: NetName=VCC Pin=R13-2
Added Pin To Net: NetName=VCC Pin=R13-2
Added Pin To Net: NetName=VCC Pin=R13-2
Added Pin To Net: NetName=VCC Pin=R13-2
Added Pin To Net: NetName=VCC Pin=R13-2
Added Pin To Net: NetName=VCC Pin=R14-2
Added Pin To Net: NetName=VCC Pin=R14-2
Added Pin To Net: NetName=VCC Pin=R14-2
Added Pin To Net: NetName=VCC Pin=R14-2
Added Pin To Net: NetName=VCC Pin=R14-2
Added Pin To Net: NetName=VCC Pin=R14-2
Added Pin To Net: NetName=VCC Pin=R15-2
Added Pin To Net: NetName=VCC Pin=R15-2
Added Pin To Net: NetName=VCC Pin=R15-2
Added Pin To Net: NetName=VCC Pin=R15-2
Added Pin To Net: NetName=VCC Pin=R16-2
Added Pin To Net: NetName=VCC Pin=R56-1
Added Pin To Net: NetName=VCC Pin=R57-1
Added Pin To Net: NetName=VCC Pin=R58-1
Added Pin To Net: NetName=VCC Pin=R59-1
Added Pin To Net: NetName=VCC Pin=RL1-3
Added Pin To Net: NetName=VCC Pin=RL2-3
Added Pin To Net: NetName=VCC Pin=RL2-3
Added Pin To Net: NetName=VCC Pin=RL2-3
Added Pin To Net: NetName=VCC Pin=RL2-3
Added Pin To Net: NetName=VCC Pin=RL3-3
Added Pin To Net: NetName=VCC Pin=RL3-3
Added Pin To Net: NetName=VCC Pin=RL3-3
Added Pin To Net: NetName=VCC Pin=RL3-3
Added Pin To Net: NetName=VCC Pin=RL3-3
Added Pin To Net: NetName=VCC Pin=RL3-3
Added Pin To Net: NetName=VCC Pin=RL4-3
Added Pin To Net: NetName=VCC Pin=RL4-3
Added Pin To Net: NetName=VCC Pin=RL4-3
Added Pin To Net: NetName=VCC Pin=RL4-3
Added Pin To Net: NetName=VCC Pin=RL5-3
Added Net: Name=VCC
Added Class: Name=Module_Relay_UART_CAN
Added Room: Name=Module_Relay_UART_CAN
