Change Component Designator: Old Designator=D3 New Designator=D4
Change Component Designator: Old Designator=D3 New Designator=D6
Change Component Designator: Old Designator=D3 New Designator=D14
Change Component Designator: Old Designator=D4 New Designator=D5
Change Component Designator: Old Designator=D4 New Designator=D7
Change Component Designator: Old Designator=D4 New Designator=D15
Change Component Designator: Old Designator=D4 New Designator=D16
Change Component Designator: Old Designator=D4 New Designator=D18
Change Component Designator: Old Designator=D4 New Designator=D26
Change Component Designator: Old Designator=D5 New Designator=D17
Change Component Designator: Old Designator=D5 New Designator=D19
Change Component Designator: Old Designator=D5 New Designator=D27
Change Component Designator: Old Designator=D5 New Designator=D28
Change Component Designator: Old Designator=D6 New Designator=D8
Change Component Designator: Old Designator=D6 New Designator=D29
Change Component Designator: Old Designator=D7 New Designator=D9
Change Component Designator: Old Designator=D7 New Designator=D10
Change Component Designator: Old Designator=D7 New Designator=D12
Change Component Designator: Old Designator=D7 New Designator=D20
Change Component Designator: Old Designator=D8 New Designator=D11
Change Component Designator: Old Designator=D8 New Designator=D13
Change Component Designator: Old Designator=D8 New Designator=D21
Change Component Designator: Old Designator=D8 New Designator=D22
Change Component Designator: Old Designator=D8 New Designator=D24
Change Component Designator: Old Designator=D8 New Designator=D30
Change Component Designator: Old Designator=D9 New Designator=D23
Change Component Designator: Old Designator=D9 New Designator=D25
Change Component Designator: Old Designator=D9 New Designator=D31
Change Component Designator: Old Designator=D9 New Designator=D32
Change Component Designator: Old Designator=D10 New Designator=D33
Change Component Designator: Old Designator=HD3 New Designator=HD4
Change Component Designator: Old Designator=HD3 New Designator=HD6
Change Component Designator: Old Designator=HD3 New Designator=HD8
Change Component Designator: Old Designator=HD4 New Designator=HD5
Change Component Designator: Old Designator=HD4 New Designator=HD7
Change Component Designator: Old Designator=HD4 New Designator=HD9
Change Component Designator: Old Designator=HD4 New Designator=HD10
Change Component Designator: Old Designator=HD4 New Designator=HD12
Change Component Designator: Old Designator=HD4 New Designator=HD14
Change Component Designator: Old Designator=HD5 New Designator=HD11
Change Component Designator: Old Designator=HD5 New Designator=HD13
Change Component Designator: Old Designator=HD5 New Designator=HD15
Change Component Designator: Old Designator=HD5 New Designator=HD16
Change Component Designator: Old Designator=HD6 New Designator=HD17
Change Component Designator: Old Designator=IC? New Designator=IC1
Change Component Designator: Old Designator=IC? New Designator=IC2
Change Component Designator: Old Designator=JP? New Designator=JP4
Change Component Designator: Old Designator=R8 New Designator=R40
Change Component Designator: Old Designator=R9 New Designator=R16
Change Component Designator: Old Designator=R9 New Designator=R41
Change Component Designator: Old Designator=R9 New Designator=R42
Change Component Designator: Old Designator=R9 New Designator=R44
Change Component Designator: Old Designator=R9 New Designator=R52
Change Component Designator: Old Designator=R10 New Designator=R17
Change Component Designator: Old Designator=R10 New Designator=R18
Change Component Designator: Old Designator=R10 New Designator=R20
Change Component Designator: Old Designator=R10 New Designator=R32
Change Component Designator: Old Designator=R10 New Designator=R43
Change Component Designator: Old Designator=R10 New Designator=R45
Change Component Designator: Old Designator=R10 New Designator=R53
Change Component Designator: Old Designator=R10 New Designator=R54
Change Component Designator: Old Designator=R10 New Designator=R56
Change Component Designator: Old Designator=R10 New Designator=R64
Change Component Designator: Old Designator=R11 New Designator=R19
Change Component Designator: Old Designator=R11 New Designator=R21
Change Component Designator: Old Designator=R11 New Designator=R22
Change Component Designator: Old Designator=R11 New Designator=R33
Change Component Designator: Old Designator=R11 New Designator=R34
Change Component Designator: Old Designator=R11 New Designator=R36
Change Component Designator: Old Designator=R11 New Designator=R55
Change Component Designator: Old Designator=R11 New Designator=R57
Change Component Designator: Old Designator=R11 New Designator=R65
Change Component Designator: Old Designator=R11 New Designator=R66
Change Component Designator: Old Designator=R12 New Designator=R23
Change Component Designator: Old Designator=R12 New Designator=R35
Change Component Designator: Old Designator=R12 New Designator=R37
Change Component Designator: Old Designator=R12 New Designator=R38
Change Component Designator: Old Designator=R12 New Designator=R46
Change Component Designator: Old Designator=R12 New Designator=R67
Change Component Designator: Old Designator=R13 New Designator=R39
Change Component Designator: Old Designator=R13 New Designator=R47
Change Component Designator: Old Designator=R13 New Designator=R48
Change Component Designator: Old Designator=R13 New Designator=R50
Change Component Designator: Old Designator=R13 New Designator=R58
Change Component Designator: Old Designator=R14 New Designator=R49
Change Component Designator: Old Designator=R14 New Designator=R51
Change Component Designator: Old Designator=R14 New Designator=R59
Change Component Designator: Old Designator=R14 New Designator=R60
Change Component Designator: Old Designator=R14 New Designator=R62
Change Component Designator: Old Designator=R14 New Designator=R68
Change Component Designator: Old Designator=R15 New Designator=R61
Change Component Designator: Old Designator=R15 New Designator=R63
Change Component Designator: Old Designator=R15 New Designator=R69
Change Component Designator: Old Designator=R15 New Designator=R70
Change Component Designator: Old Designator=R16 New Designator=R8
Change Component Designator: Old Designator=R16 New Designator=R71
Change Component Designator: Old Designator=R17 New Designator=R9
Change Component Designator: Old Designator=R17 New Designator=R10
Change Component Designator: Old Designator=R17 New Designator=R12
Change Component Designator: Old Designator=R17 New Designator=R24
Change Component Designator: Old Designator=R18 New Designator=R11
Change Component Designator: Old Designator=R18 New Designator=R13
Change Component Designator: Old Designator=R18 New Designator=R14
Change Component Designator: Old Designator=R18 New Designator=R25
Change Component Designator: Old Designator=R18 New Designator=R26
Change Component Designator: Old Designator=R18 New Designator=R28
Change Component Designator: Old Designator=R19 New Designator=R15
Change Component Designator: Old Designator=R19 New Designator=R27
Change Component Designator: Old Designator=R19 New Designator=R29
Change Component Designator: Old Designator=R19 New Designator=R30
Change Component Designator: Old Designator=R20 New Designator=R31
Change Component Designator: Old Designator=R56 New Designator=R72
Change Component Designator: Old Designator=R57 New Designator=R73
Change Component Designator: Old Designator=R58 New Designator=R74
Change Component Designator: Old Designator=R59 New Designator=R75
Change Component Designator: Old Designator=R60 New Designator=R76
Change Component Designator: Old Designator=R61 New Designator=R77
Change Component Designator: Old Designator=R62 New Designator=R78
Change Component Designator: Old Designator=R63 New Designator=R79
Change Component Designator: Old Designator=RL2 New Designator=RL3
Change Component Designator: Old Designator=RL2 New Designator=RL5
Change Component Designator: Old Designator=RL2 New Designator=RL7
Change Component Designator: Old Designator=RL3 New Designator=RL4
Change Component Designator: Old Designator=RL3 New Designator=RL6
Change Component Designator: Old Designator=RL3 New Designator=RL8
Change Component Designator: Old Designator=RL3 New Designator=RL9
Change Component Designator: Old Designator=RL3 New Designator=RL11
Change Component Designator: Old Designator=RL3 New Designator=RL13
Change Component Designator: Old Designator=RL4 New Designator=RL10
Change Component Designator: Old Designator=RL4 New Designator=RL12
Change Component Designator: Old Designator=RL4 New Designator=RL14
Change Component Designator: Old Designator=RL4 New Designator=RL15
Change Component Designator: Old Designator=RL5 New Designator=RL16
Change Component Designator: Old Designator=U6 New Designator=U7
Change Component Designator: Old Designator=U6 New Designator=U9
Change Component Designator: Old Designator=U6 New Designator=U13
Change Component Designator: Old Designator=U7 New Designator=U8
Change Component Designator: Old Designator=U7 New Designator=U10
Change Component Designator: Old Designator=U7 New Designator=U11
Change Component Designator: Old Designator=U7 New Designator=U14
Change Component Designator: Old Designator=U7 New Designator=U15
Change Component Designator: Old Designator=U7 New Designator=U17
Change Component Designator: Old Designator=U8 New Designator=U12
Change Component Designator: Old Designator=U8 New Designator=U16
Change Component Designator: Old Designator=U8 New Designator=U18
Change Component Designator: Old Designator=U8 New Designator=U19
Change Component Designator: Old Designator=U9 New Designator=U20
