Added Component: Designator=*2(B0505-1WR2)
Added Component: Designator=BT1(CR1220)
Added Component: Designator=C1(CAP0805)
Added Component: Designator=C2(Cap 16V)
Added Component: Designator=C3(CAP0805)
Added Component: Designator=C4(Cap 16V)
Added Component: Designator=C5(CAP0805)
Added Component: Designator=C6(CAP0805)
Added Component: Designator=C7(CAP0805)
Added Component: Designator=C8(Cap 16V)
Added Component: Designator=C9(CAP0805)
Added Component: Designator=C10(CAP0805)
Added Component: Designator=C11(CAP0805)
Added Component: Designator=C12(CAP0805)
Added Component: Designator=C13(CAP0805)
Added Component: Designator=C14(CAP0805)
Added Component: Designator=C15(CAP0805)
Added Component: Designator=C16(CAP0805)
Added Component: Designator=C17(CAP0805)
Added Component: Designator=C18(CAP0805)
Added Component: Designator=C19(CAP0805)
Added Component: Designator=C20(CAP0805)
Added Component: Designator=D1(LED0805)
Added Component: Designator=D2(D1A)
Added Component: Designator=D3(D1A)
Added Component: Designator=D4(D1A)
Added Component: Designator=D5(D1A)
Added Component: Designator=D6(LED0805)
Added Component: Designator=D7(LED0805)
Added Component: Designator=D8(LED0805)
Added Component: Designator=D9(LED0805)
Added Component: Designator=D10(D1A)
Added Component: Designator=D11(D1A)
Added Component: Designator=D12(D1A)
Added Component: Designator=D13(D1A)
Added Component: Designator=D14(LED0805)
Added Component: Designator=D15(LED0805)
Added Component: Designator=D16(LED0805)
Added Component: Designator=D17(LED0805)
Added Component: Designator=D18(D1A)
Added Component: Designator=D19(D1A)
Added Component: Designator=D20(D1A)
Added Component: Designator=D21(D1A)
Added Component: Designator=D22(LED0805)
Added Component: Designator=D23(LED0805)
Added Component: Designator=D24(LED0805)
Added Component: Designator=D25(LED0805)
Added Component: Designator=D26(D1A)
Added Component: Designator=D27(D1A)
Added Component: Designator=D28(D1A)
Added Component: Designator=D29(D1A)
Added Component: Designator=D30(LED0805)
Added Component: Designator=D31(LED0805)
Added Component: Designator=D32(LED0805)
Added Component: Designator=D33(LED0805)
Added Component: Designator=HD1(HED2T)
Added Component: Designator=HD2(HED3T)
Added Component: Designator=HD3(HED3T)
Added Component: Designator=HD4(HED3T)
Added Component: Designator=HD5(HED3T)
Added Component: Designator=HD6(HED3T)
Added Component: Designator=HD7(HED3T)
Added Component: Designator=HD8(HED3T)
Added Component: Designator=HD9(HED3T)
Added Component: Designator=HD10(HED3T)
Added Component: Designator=HD11(HED3T)
Added Component: Designator=HD12(HED3T)
Added Component: Designator=HD13(HED3T)
Added Component: Designator=HD14(HED3T)
Added Component: Designator=HD15(HED3T)
Added Component: Designator=HD16(HED3T)
Added Component: Designator=HD17(HED3T)
Added Component: Designator=JP1(CON6)
Added Component: Designator=JP2(CON4)
Added Component: Designator=JP3(CON4)
Added Component: Designator=P1(HDR1X2)
Added Component: Designator=P2(HDR1X2)
Added Component: Designator=Q1(SOT23A)
Added Component: Designator=Q2(SOT23A)
Added Component: Designator=Q3(SOT23A)
Added Component: Designator=Q4(SOT23A)
Added Component: Designator=Q5(SOT23A)
Added Component: Designator=Q6(SOT23A)
Added Component: Designator=Q7(SOT23A)
Added Component: Designator=Q8(SOT23A)
Added Component: Designator=Q9(SOT23A)
Added Component: Designator=Q10(SOT23A)
Added Component: Designator=Q11(SOT23A)
Added Component: Designator=Q12(SOT23A)
Added Component: Designator=Q13(SOT23A)
Added Component: Designator=Q14(SOT23A)
Added Component: Designator=Q15(SOT23A)
Added Component: Designator=Q16(SOT23A)
Added Component: Designator=R1(0805)
Added Component: Designator=R2(0805)
Added Component: Designator=R3(0805)
Added Component: Designator=R4(0805)
Added Component: Designator=R5(0805)
Added Component: Designator=R6(0805)
Added Component: Designator=R7(0805)
Added Component: Designator=R8(0805)
Added Component: Designator=R9(0805)
Added Component: Designator=R10(0805)
Added Component: Designator=R11(0805)
Added Component: Designator=R12(0805)
Added Component: Designator=R13(0805)
Added Component: Designator=R14(0805)
Added Component: Designator=R15(0805)
Added Component: Designator=R16(0805)
Added Component: Designator=R17(0805)
Added Component: Designator=R18(0805)
Added Component: Designator=R19(0805)
Added Component: Designator=R20(0805)
Added Component: Designator=R21(0805)
Added Component: Designator=R22(0805)
Added Component: Designator=R23(0805)
Added Component: Designator=R24(0805)
Added Component: Designator=R25(0805)
Added Component: Designator=R26(0805)
Added Component: Designator=R27(0805)
Added Component: Designator=R28(0805)
Added Component: Designator=R29(0805)
Added Component: Designator=R30(0805)
Added Component: Designator=R31(0805)
Added Component: Designator=R32(0805)
Added Component: Designator=R33(0805)
Added Component: Designator=R34(0805)
Added Component: Designator=R35(0805)
Added Component: Designator=R36(0805)
Added Component: Designator=R37(0805)
Added Component: Designator=R38(0805)
Added Component: Designator=R39(0805)
Added Component: Designator=R40(0805)
Added Component: Designator=R41(0805)
Added Component: Designator=R42(0805)
Added Component: Designator=R43(0805)
Added Component: Designator=R44(0805)
Added Component: Designator=R45(0805)
Added Component: Designator=R46(0805)
Added Component: Designator=R47(0805)
Added Component: Designator=R48(0805)
Added Component: Designator=R49(0805)
Added Component: Designator=R50(0805)
Added Component: Designator=R51(0805)
Added Component: Designator=R52(0805)
Added Component: Designator=R53(0805)
Added Component: Designator=R54(0805)
Added Component: Designator=R55(0805)
Added Component: Designator=R56(0805)
Added Component: Designator=R57(0805)
Added Component: Designator=R58(0805)
Added Component: Designator=R59(0805)
Added Component: Designator=R60(0805)
Added Component: Designator=R61(0805)
Added Component: Designator=R62(0805)
Added Component: Designator=R63(0805)
Added Component: Designator=RL1(RELAY HFE)
Added Component: Designator=RL2(RELAY HFE)
Added Component: Designator=RL3(RELAY HFE)
Added Component: Designator=RL4(RELAY HFE)
Added Component: Designator=RL5(RELAY HFE)
Added Component: Designator=RL6(RELAY HFE)
Added Component: Designator=RL7(RELAY HFE)
Added Component: Designator=RL8(RELAY HFE)
Added Component: Designator=RL9(RELAY HFE)
Added Component: Designator=RL10(RELAY HFE)
Added Component: Designator=RL11(RELAY HFE)
Added Component: Designator=RL12(RELAY HFE)
Added Component: Designator=RL13(RELAY HFE)
Added Component: Designator=RL14(RELAY HFE)
Added Component: Designator=RL15(RELAY HFE)
Added Component: Designator=RL16(RELAY HFE)
Added Component: Designator=SW1(SW2PIN-HT)
Added Component: Designator=U1(AP1117_3V3)
Added Component: Designator=U2(SO-8)
Added Component: Designator=U3(0805)
Added Component: Designator=U4(CRYSTAL2)
Added Component: Designator=U5(DIP4/W0.3)
Added Component: Designator=U6(DIP4/W0.3)
Added Component: Designator=U7(DIP4/W0.3)
Added Component: Designator=U8(DIP4/W0.3)
Added Component: Designator=U9(DIP4/W0.3)
Added Component: Designator=U10(DIP4/W0.3)
Added Component: Designator=U11(DIP4/W0.3)
Added Component: Designator=U12(DIP4/W0.3)
Added Component: Designator=U13(DIP4/W0.3)
Added Component: Designator=U14(DIP4/W0.3)
Added Component: Designator=U15(DIP4/W0.3)
Added Component: Designator=U16(DIP4/W0.3)
Added Component: Designator=U17(DIP4/W0.3)
Added Component: Designator=U18(DIP4/W0.3)
Added Component: Designator=U19(DIP4/W0.3)
Added Component: Designator=U20(DIP4/W0.3)
Added Component: Designator=U21(DIP4/W0.3)
Added Component: Designator=U22(DIP4/W0.3)
Added Component: Designator=U23(DIP4/W0.3)
Added Component: Designator=U24(DIP4/W0.3)
Added Pin To Net: NetName=3.3V_ISO Pin=C2-1
Added Pin To Net: NetName=3.3V_ISO Pin=C3-1
Added Pin To Net: NetName=3.3V_ISO Pin=C5-2
Added Pin To Net: NetName=3.3V_ISO Pin=C11-1
Added Pin To Net: NetName=3.3V_ISO Pin=C12-1
Added Pin To Net: NetName=3.3V_ISO Pin=C13-1
Added Pin To Net: NetName=3.3V_ISO Pin=C14-1
Added Pin To Net: NetName=3.3V_ISO Pin=C15-1
Added Pin To Net: NetName=3.3V_ISO Pin=C16-1
Added Pin To Net: NetName=3.3V_ISO Pin=C17-1
Added Pin To Net: NetName=3.3V_ISO Pin=C18-1
Added Pin To Net: NetName=3.3V_ISO Pin=C19-1
Added Pin To Net: NetName=3.3V_ISO Pin=JP1-1
Added Pin To Net: NetName=3.3V_ISO Pin=JP2-1
Added Pin To Net: NetName=3.3V_ISO Pin=JP3-1
Added Pin To Net: NetName=3.3V_ISO Pin=R1-2
Added Pin To Net: NetName=3.3V_ISO Pin=R3-2
Added Pin To Net: NetName=3.3V_ISO Pin=R4-2
Added Pin To Net: NetName=3.3V_ISO Pin=R5-2
Added Pin To Net: NetName=3.3V_ISO Pin=R6-2
Added Pin To Net: NetName=3.3V_ISO Pin=R7-2
Added Pin To Net: NetName=3.3V_ISO Pin=R60-2
Added Pin To Net: NetName=3.3V_ISO Pin=R61-2
Added Pin To Net: NetName=3.3V_ISO Pin=R62-2
Added Pin To Net: NetName=3.3V_ISO Pin=R63-2
Added Pin To Net: NetName=3.3V_ISO Pin=U1-2
Added Pin To Net: NetName=3.3V_ISO Pin=U2-3
Added Net: Name=3.3V_ISO
Added Pin To Net: NetName=BOOT0 Pin=P2-1
Added Pin To Net: NetName=BOOT0 Pin=R5-1
Added Net: Name=BOOT0
Added Pin To Net: NetName=BOOT1 Pin=P1-1
Added Pin To Net: NetName=BOOT1 Pin=R3-1
Added Net: Name=BOOT1
Added Pin To Net: NetName=CAN_RX Pin=U2-4
Added Net: Name=CAN_RX
Added Pin To Net: NetName=CAN_TX Pin=U2-1
Added Net: Name=CAN_TX
Added Pin To Net: NetName=GND_ISO Pin=*2-3
Added Pin To Net: NetName=GND_ISO Pin=BT1-2
Added Pin To Net: NetName=GND_ISO Pin=C1-2
Added Pin To Net: NetName=GND_ISO Pin=C2-2
Added Pin To Net: NetName=GND_ISO Pin=C3-2
Added Pin To Net: NetName=GND_ISO Pin=C4-2
Added Pin To Net: NetName=GND_ISO Pin=C5-1
Added Pin To Net: NetName=GND_ISO Pin=C6-2
Added Pin To Net: NetName=GND_ISO Pin=C7-2
Added Pin To Net: NetName=GND_ISO Pin=C9-2
Added Pin To Net: NetName=GND_ISO Pin=C10-2
Added Pin To Net: NetName=GND_ISO Pin=C11-2
Added Pin To Net: NetName=GND_ISO Pin=C12-2
Added Pin To Net: NetName=GND_ISO Pin=C13-2
Added Pin To Net: NetName=GND_ISO Pin=C14-2
Added Pin To Net: NetName=GND_ISO Pin=C15-2
Added Pin To Net: NetName=GND_ISO Pin=C16-2
Added Pin To Net: NetName=GND_ISO Pin=C17-2
Added Pin To Net: NetName=GND_ISO Pin=C18-2
Added Pin To Net: NetName=GND_ISO Pin=C19-2
Added Pin To Net: NetName=GND_ISO Pin=C20-2
Added Pin To Net: NetName=GND_ISO Pin=D1-2
Added Pin To Net: NetName=GND_ISO Pin=JP1-6
Added Pin To Net: NetName=GND_ISO Pin=JP2-4
Added Pin To Net: NetName=GND_ISO Pin=JP3-4
Added Pin To Net: NetName=GND_ISO Pin=P1-2
Added Pin To Net: NetName=GND_ISO Pin=P2-2
Added Pin To Net: NetName=GND_ISO Pin=SW1-1
Added Pin To Net: NetName=GND_ISO Pin=U1-1
Added Pin To Net: NetName=GND_ISO Pin=U2-2
Added Pin To Net: NetName=GND_ISO Pin=U2-8
Added Pin To Net: NetName=GND_ISO Pin=U21-3
Added Pin To Net: NetName=GND_ISO Pin=U22-3
Added Pin To Net: NetName=GND_ISO Pin=U23-3
Added Pin To Net: NetName=GND_ISO Pin=U24-3
Added Net: Name=GND_ISO
Added Pin To Net: NetName=GND Pin=*2-1
Added Pin To Net: NetName=GND Pin=C8-2
Added Pin To Net: NetName=GND Pin=Q1-3
Added Pin To Net: NetName=GND Pin=Q2-3
Added Pin To Net: NetName=GND Pin=Q3-3
Added Pin To Net: NetName=GND Pin=Q4-3
Added Pin To Net: NetName=GND Pin=Q5-3
Added Pin To Net: NetName=GND Pin=Q6-3
Added Pin To Net: NetName=GND Pin=Q7-3
Added Pin To Net: NetName=GND Pin=Q8-3
Added Pin To Net: NetName=GND Pin=Q9-3
Added Pin To Net: NetName=GND Pin=Q10-3
Added Pin To Net: NetName=GND Pin=Q11-3
Added Pin To Net: NetName=GND Pin=Q12-3
Added Pin To Net: NetName=GND Pin=Q13-3
Added Pin To Net: NetName=GND Pin=Q14-3
Added Pin To Net: NetName=GND Pin=Q15-3
Added Pin To Net: NetName=GND Pin=Q16-3
Added Pin To Net: NetName=GND Pin=U5-3
Added Pin To Net: NetName=GND Pin=U6-3
Added Pin To Net: NetName=GND Pin=U7-3
Added Pin To Net: NetName=GND Pin=U8-3
Added Pin To Net: NetName=GND Pin=U9-3
Added Pin To Net: NetName=GND Pin=U10-3
Added Pin To Net: NetName=GND Pin=U11-3
Added Pin To Net: NetName=GND Pin=U12-3
Added Pin To Net: NetName=GND Pin=U13-3
Added Pin To Net: NetName=GND Pin=U14-3
Added Pin To Net: NetName=GND Pin=U15-3
Added Pin To Net: NetName=GND Pin=U16-3
Added Pin To Net: NetName=GND Pin=U17-3
Added Pin To Net: NetName=GND Pin=U18-3
Added Pin To Net: NetName=GND Pin=U19-3
Added Pin To Net: NetName=GND Pin=U20-3
Added Net: Name=GND
Added Pin To Net: NetName=HS_XTAL1 Pin=C9-1
Added Pin To Net: NetName=HS_XTAL1 Pin=U4-2
Added Net: Name=HS_XTAL1
Added Pin To Net: NetName=HS_XTAL2 Pin=C10-1
Added Pin To Net: NetName=HS_XTAL2 Pin=U4-1
Added Net: Name=HS_XTAL2
Added Net: Name=I2C_SCK
Added Pin To Net: NetName=I2C_SCL Pin=JP2-3
Added Pin To Net: NetName=I2C_SCL Pin=R7-1
Added Net: Name=I2C_SCL
Added Pin To Net: NetName=I2C_SDA Pin=JP2-2
Added Pin To Net: NetName=I2C_SDA Pin=R6-1
Added Net: Name=I2C_SDA
Added Pin To Net: NetName=IN1 Pin=U21-2
Added Net: Name=IN1
Added Pin To Net: NetName=IN2 Pin=U22-2
Added Net: Name=IN2
Added Pin To Net: NetName=IN3 Pin=U23-2
Added Net: Name=IN3
Added Pin To Net: NetName=IN4 Pin=U24-2
Added Net: Name=IN4
Added Pin To Net: NetName=INPUT1 Pin=R60-1
Added Pin To Net: NetName=INPUT1 Pin=U21-4
Added Net: Name=INPUT1
Added Pin To Net: NetName=INPUT2 Pin=R61-1
Added Pin To Net: NetName=INPUT2 Pin=U22-4
Added Net: Name=INPUT2
Added Pin To Net: NetName=INPUT3 Pin=R62-1
Added Pin To Net: NetName=INPUT3 Pin=U23-4
Added Net: Name=INPUT3
Added Pin To Net: NetName=INPUT4 Pin=R63-1
Added Pin To Net: NetName=INPUT4 Pin=U24-4
Added Net: Name=INPUT4
Added Pin To Net: NetName=LS_XTAL1 Pin=C1-1
Added Pin To Net: NetName=LS_XTAL1 Pin=U3-2
Added Net: Name=LS_XTAL1
Added Pin To Net: NetName=LS_XTAL2 Pin=C7-1
Added Pin To Net: NetName=LS_XTAL2 Pin=U3-1
Added Net: Name=LS_XTAL2
Added Net: Name=LS_XTAL3
Added Pin To Net: NetName=NetD1_1 Pin=D1-1
Added Pin To Net: NetName=NetD1_1 Pin=R1-1
Added Net: Name=NetD1_1
Added Pin To Net: NetName=NetD2_1 Pin=D2-1
Added Pin To Net: NetName=NetD2_1 Pin=Q1-2
Added Pin To Net: NetName=NetD2_1 Pin=RL1-4
Added Net: Name=NetD2_1
Added Pin To Net: NetName=NetD3_1 Pin=D3-1
Added Pin To Net: NetName=NetD3_1 Pin=Q2-2
Added Pin To Net: NetName=NetD3_1 Pin=RL2-4
Added Net: Name=NetD3_1
Added Pin To Net: NetName=NetD4_1 Pin=D4-1
Added Pin To Net: NetName=NetD4_1 Pin=Q3-2
Added Pin To Net: NetName=NetD4_1 Pin=RL3-4
Added Net: Name=NetD4_1
Added Pin To Net: NetName=NetD5_1 Pin=D5-1
Added Pin To Net: NetName=NetD5_1 Pin=Q4-2
Added Pin To Net: NetName=NetD5_1 Pin=RL4-4
Added Net: Name=NetD5_1
Added Pin To Net: NetName=NetD6_1 Pin=D6-1
Added Pin To Net: NetName=NetD6_1 Pin=R8-1
Added Net: Name=NetD6_1
Added Pin To Net: NetName=NetD6_2 Pin=D6-2
Added Pin To Net: NetName=NetD6_2 Pin=Q1-1
Added Pin To Net: NetName=NetD6_2 Pin=R12-1
Added Pin To Net: NetName=NetD6_2 Pin=U5-4
Added Net: Name=NetD6_2
Added Pin To Net: NetName=NetD7_1 Pin=D7-1
Added Pin To Net: NetName=NetD7_1 Pin=R9-1
Added Net: Name=NetD7_1
Added Pin To Net: NetName=NetD7_2 Pin=D7-2
Added Pin To Net: NetName=NetD7_2 Pin=Q2-1
Added Pin To Net: NetName=NetD7_2 Pin=R13-1
Added Pin To Net: NetName=NetD7_2 Pin=U6-4
Added Net: Name=NetD7_2
Added Pin To Net: NetName=NetD8_1 Pin=D8-1
Added Pin To Net: NetName=NetD8_1 Pin=R10-1
Added Net: Name=NetD8_1
Added Pin To Net: NetName=NetD8_2 Pin=D8-2
Added Pin To Net: NetName=NetD8_2 Pin=Q3-1
Added Pin To Net: NetName=NetD8_2 Pin=R14-1
Added Pin To Net: NetName=NetD8_2 Pin=U7-4
Added Net: Name=NetD8_2
Added Pin To Net: NetName=NetD9_1 Pin=D9-1
Added Pin To Net: NetName=NetD9_1 Pin=R11-1
Added Net: Name=NetD9_1
Added Pin To Net: NetName=NetD9_2 Pin=D9-2
Added Pin To Net: NetName=NetD9_2 Pin=Q4-1
Added Pin To Net: NetName=NetD9_2 Pin=R15-1
Added Pin To Net: NetName=NetD9_2 Pin=U8-4
Added Net: Name=NetD9_2
Added Pin To Net: NetName=NetD10_1 Pin=D10-1
Added Pin To Net: NetName=NetD10_1 Pin=Q5-2
Added Pin To Net: NetName=NetD10_1 Pin=RL5-4
Added Net: Name=NetD10_1
Added Pin To Net: NetName=NetD11_1 Pin=D11-1
Added Pin To Net: NetName=NetD11_1 Pin=Q6-2
Added Pin To Net: NetName=NetD11_1 Pin=RL6-4
Added Net: Name=NetD11_1
Added Pin To Net: NetName=NetD12_1 Pin=D12-1
Added Pin To Net: NetName=NetD12_1 Pin=Q7-2
Added Pin To Net: NetName=NetD12_1 Pin=RL7-4
Added Net: Name=NetD12_1
Added Pin To Net: NetName=NetD13_1 Pin=D13-1
Added Pin To Net: NetName=NetD13_1 Pin=Q8-2
Added Pin To Net: NetName=NetD13_1 Pin=RL8-4
Added Net: Name=NetD13_1
Added Pin To Net: NetName=NetD14_1 Pin=D14-1
Added Pin To Net: NetName=NetD14_1 Pin=R20-1
Added Net: Name=NetD14_1
Added Pin To Net: NetName=NetD14_2 Pin=D14-2
Added Pin To Net: NetName=NetD14_2 Pin=Q5-1
Added Pin To Net: NetName=NetD14_2 Pin=R24-1
Added Pin To Net: NetName=NetD14_2 Pin=U9-4
Added Net: Name=NetD14_2
Added Pin To Net: NetName=NetD15_1 Pin=D15-1
Added Pin To Net: NetName=NetD15_1 Pin=R21-1
Added Net: Name=NetD15_1
Added Pin To Net: NetName=NetD15_2 Pin=D15-2
Added Pin To Net: NetName=NetD15_2 Pin=Q6-1
Added Pin To Net: NetName=NetD15_2 Pin=R25-1
Added Pin To Net: NetName=NetD15_2 Pin=U10-4
Added Net: Name=NetD15_2
Added Pin To Net: NetName=NetD16_1 Pin=D16-1
Added Pin To Net: NetName=NetD16_1 Pin=R22-1
Added Net: Name=NetD16_1
Added Pin To Net: NetName=NetD16_2 Pin=D16-2
Added Pin To Net: NetName=NetD16_2 Pin=Q7-1
Added Pin To Net: NetName=NetD16_2 Pin=R26-1
Added Pin To Net: NetName=NetD16_2 Pin=U11-4
Added Net: Name=NetD16_2
Added Pin To Net: NetName=NetD17_1 Pin=D17-1
Added Pin To Net: NetName=NetD17_1 Pin=R23-1
Added Net: Name=NetD17_1
Added Pin To Net: NetName=NetD17_2 Pin=D17-2
Added Pin To Net: NetName=NetD17_2 Pin=Q8-1
Added Pin To Net: NetName=NetD17_2 Pin=R27-1
Added Pin To Net: NetName=NetD17_2 Pin=U12-4
Added Net: Name=NetD17_2
Added Pin To Net: NetName=NetD18_1 Pin=D18-1
Added Pin To Net: NetName=NetD18_1 Pin=Q9-2
Added Pin To Net: NetName=NetD18_1 Pin=RL9-4
Added Net: Name=NetD18_1
Added Pin To Net: NetName=NetD19_1 Pin=D19-1
Added Pin To Net: NetName=NetD19_1 Pin=Q10-2
Added Pin To Net: NetName=NetD19_1 Pin=RL10-4
Added Net: Name=NetD19_1
Added Pin To Net: NetName=NetD20_1 Pin=D20-1
Added Pin To Net: NetName=NetD20_1 Pin=Q11-2
Added Pin To Net: NetName=NetD20_1 Pin=RL11-4
Added Net: Name=NetD20_1
Added Pin To Net: NetName=NetD21_1 Pin=D21-1
Added Pin To Net: NetName=NetD21_1 Pin=Q12-2
Added Pin To Net: NetName=NetD21_1 Pin=RL12-4
Added Net: Name=NetD21_1
Added Pin To Net: NetName=NetD22_1 Pin=D22-1
Added Pin To Net: NetName=NetD22_1 Pin=R32-1
Added Net: Name=NetD22_1
Added Pin To Net: NetName=NetD22_2 Pin=D22-2
Added Pin To Net: NetName=NetD22_2 Pin=Q9-1
Added Pin To Net: NetName=NetD22_2 Pin=R36-1
Added Pin To Net: NetName=NetD22_2 Pin=U13-4
Added Net: Name=NetD22_2
Added Pin To Net: NetName=NetD23_1 Pin=D23-1
Added Pin To Net: NetName=NetD23_1 Pin=R33-1
Added Net: Name=NetD23_1
Added Pin To Net: NetName=NetD23_2 Pin=D23-2
Added Pin To Net: NetName=NetD23_2 Pin=Q10-1
Added Pin To Net: NetName=NetD23_2 Pin=R37-1
Added Pin To Net: NetName=NetD23_2 Pin=U14-4
Added Net: Name=NetD23_2
Added Pin To Net: NetName=NetD24_1 Pin=D24-1
Added Pin To Net: NetName=NetD24_1 Pin=R34-1
Added Net: Name=NetD24_1
Added Pin To Net: NetName=NetD24_2 Pin=D24-2
Added Pin To Net: NetName=NetD24_2 Pin=Q11-1
Added Pin To Net: NetName=NetD24_2 Pin=R38-1
Added Pin To Net: NetName=NetD24_2 Pin=U15-4
Added Net: Name=NetD24_2
Added Pin To Net: NetName=NetD25_1 Pin=D25-1
Added Pin To Net: NetName=NetD25_1 Pin=R35-1
Added Net: Name=NetD25_1
Added Pin To Net: NetName=NetD25_2 Pin=D25-2
Added Pin To Net: NetName=NetD25_2 Pin=Q12-1
Added Pin To Net: NetName=NetD25_2 Pin=R39-1
Added Pin To Net: NetName=NetD25_2 Pin=U16-4
Added Net: Name=NetD25_2
Added Pin To Net: NetName=NetD26_1 Pin=D26-1
Added Pin To Net: NetName=NetD26_1 Pin=Q13-2
Added Pin To Net: NetName=NetD26_1 Pin=RL13-4
Added Net: Name=NetD26_1
Added Pin To Net: NetName=NetD27_1 Pin=D27-1
Added Pin To Net: NetName=NetD27_1 Pin=Q14-2
Added Pin To Net: NetName=NetD27_1 Pin=RL14-4
Added Net: Name=NetD27_1
Added Pin To Net: NetName=NetD28_1 Pin=D28-1
Added Pin To Net: NetName=NetD28_1 Pin=Q15-2
Added Pin To Net: NetName=NetD28_1 Pin=RL15-4
Added Net: Name=NetD28_1
Added Pin To Net: NetName=NetD29_1 Pin=D29-1
Added Pin To Net: NetName=NetD29_1 Pin=Q16-2
Added Pin To Net: NetName=NetD29_1 Pin=RL16-4
Added Net: Name=NetD29_1
Added Pin To Net: NetName=NetD30_1 Pin=D30-1
Added Pin To Net: NetName=NetD30_1 Pin=R44-1
Added Net: Name=NetD30_1
Added Pin To Net: NetName=NetD30_2 Pin=D30-2
Added Pin To Net: NetName=NetD30_2 Pin=Q13-1
Added Pin To Net: NetName=NetD30_2 Pin=R48-1
Added Pin To Net: NetName=NetD30_2 Pin=U17-4
Added Net: Name=NetD30_2
Added Pin To Net: NetName=NetD31_1 Pin=D31-1
Added Pin To Net: NetName=NetD31_1 Pin=R45-1
Added Net: Name=NetD31_1
Added Pin To Net: NetName=NetD31_2 Pin=D31-2
Added Pin To Net: NetName=NetD31_2 Pin=Q14-1
Added Pin To Net: NetName=NetD31_2 Pin=R49-1
Added Pin To Net: NetName=NetD31_2 Pin=U18-4
Added Net: Name=NetD31_2
Added Pin To Net: NetName=NetD32_1 Pin=D32-1
Added Pin To Net: NetName=NetD32_1 Pin=R46-1
Added Net: Name=NetD32_1
Added Pin To Net: NetName=NetD32_2 Pin=D32-2
Added Pin To Net: NetName=NetD32_2 Pin=Q15-1
Added Pin To Net: NetName=NetD32_2 Pin=R50-1
Added Pin To Net: NetName=NetD32_2 Pin=U19-4
Added Net: Name=NetD32_2
Added Pin To Net: NetName=NetD33_1 Pin=D33-1
Added Pin To Net: NetName=NetD33_1 Pin=R47-1
Added Net: Name=NetD33_1
Added Pin To Net: NetName=NetD33_2 Pin=D33-2
Added Pin To Net: NetName=NetD33_2 Pin=Q16-1
Added Pin To Net: NetName=NetD33_2 Pin=R51-1
Added Pin To Net: NetName=NetD33_2 Pin=U20-4
Added Net: Name=NetD33_2
Added Pin To Net: NetName=NetHD1_1 Pin=HD1-1
Added Pin To Net: NetName=NetHD1_1 Pin=R2-2
Added Pin To Net: NetName=NetHD1_1 Pin=U2-6
Added Net: Name=NetHD1_1
Added Pin To Net: NetName=NetHD1_2 Pin=HD1-2
Added Pin To Net: NetName=NetHD1_2 Pin=R2-1
Added Pin To Net: NetName=NetHD1_2 Pin=U2-7
Added Net: Name=NetHD1_2
Added Pin To Net: NetName=NetHD2_1 Pin=HD2-1
Added Pin To Net: NetName=NetHD2_1 Pin=RL1-1
Added Net: Name=NetHD2_1
Added Pin To Net: NetName=NetHD2_2 Pin=HD2-2
Added Pin To Net: NetName=NetHD2_2 Pin=RL1-5
Added Net: Name=NetHD2_2
Added Pin To Net: NetName=NetHD2_3 Pin=HD2-3
Added Pin To Net: NetName=NetHD2_3 Pin=RL1-2
Added Net: Name=NetHD2_3
Added Pin To Net: NetName=NetHD3_1 Pin=HD3-1
Added Pin To Net: NetName=NetHD3_1 Pin=RL2-1
Added Net: Name=NetHD3_1
Added Pin To Net: NetName=NetHD3_2 Pin=HD3-2
Added Pin To Net: NetName=NetHD3_2 Pin=RL2-5
Added Net: Name=NetHD3_2
Added Pin To Net: NetName=NetHD3_3 Pin=HD3-3
Added Pin To Net: NetName=NetHD3_3 Pin=RL2-2
Added Net: Name=NetHD3_3
Added Pin To Net: NetName=NetHD4_1 Pin=HD4-1
Added Pin To Net: NetName=NetHD4_1 Pin=RL3-1
Added Net: Name=NetHD4_1
Added Pin To Net: NetName=NetHD4_2 Pin=HD4-2
Added Pin To Net: NetName=NetHD4_2 Pin=RL3-5
Added Net: Name=NetHD4_2
Added Pin To Net: NetName=NetHD4_3 Pin=HD4-3
Added Pin To Net: NetName=NetHD4_3 Pin=RL3-2
Added Net: Name=NetHD4_3
Added Pin To Net: NetName=NetHD5_1 Pin=HD5-1
Added Pin To Net: NetName=NetHD5_1 Pin=RL4-1
Added Net: Name=NetHD5_1
Added Pin To Net: NetName=NetHD5_2 Pin=HD5-2
Added Pin To Net: NetName=NetHD5_2 Pin=RL4-5
Added Net: Name=NetHD5_2
Added Pin To Net: NetName=NetHD5_3 Pin=HD5-3
Added Pin To Net: NetName=NetHD5_3 Pin=RL4-2
Added Net: Name=NetHD5_3
Added Pin To Net: NetName=NetHD6_1 Pin=HD6-1
Added Pin To Net: NetName=NetHD6_1 Pin=RL5-1
Added Net: Name=NetHD6_1
Added Pin To Net: NetName=NetHD6_2 Pin=HD6-2
Added Pin To Net: NetName=NetHD6_2 Pin=RL5-5
Added Net: Name=NetHD6_2
Added Pin To Net: NetName=NetHD6_3 Pin=HD6-3
Added Pin To Net: NetName=NetHD6_3 Pin=RL5-2
Added Net: Name=NetHD6_3
Added Pin To Net: NetName=NetHD7_1 Pin=HD7-1
Added Pin To Net: NetName=NetHD7_1 Pin=RL6-1
Added Net: Name=NetHD7_1
Added Pin To Net: NetName=NetHD7_2 Pin=HD7-2
Added Pin To Net: NetName=NetHD7_2 Pin=RL6-5
Added Net: Name=NetHD7_2
Added Pin To Net: NetName=NetHD7_3 Pin=HD7-3
Added Pin To Net: NetName=NetHD7_3 Pin=RL6-2
Added Net: Name=NetHD7_3
Added Pin To Net: NetName=NetHD8_1 Pin=HD8-1
Added Pin To Net: NetName=NetHD8_1 Pin=RL7-1
Added Net: Name=NetHD8_1
Added Pin To Net: NetName=NetHD8_2 Pin=HD8-2
Added Pin To Net: NetName=NetHD8_2 Pin=RL7-5
Added Net: Name=NetHD8_2
Added Pin To Net: NetName=NetHD8_3 Pin=HD8-3
Added Pin To Net: NetName=NetHD8_3 Pin=RL7-2
Added Net: Name=NetHD8_3
Added Pin To Net: NetName=NetHD9_1 Pin=HD9-1
Added Pin To Net: NetName=NetHD9_1 Pin=RL8-1
Added Net: Name=NetHD9_1
Added Pin To Net: NetName=NetHD9_2 Pin=HD9-2
Added Pin To Net: NetName=NetHD9_2 Pin=RL8-5
Added Net: Name=NetHD9_2
Added Pin To Net: NetName=NetHD9_3 Pin=HD9-3
Added Pin To Net: NetName=NetHD9_3 Pin=RL8-2
Added Net: Name=NetHD9_3
Added Pin To Net: NetName=NetHD10_1 Pin=HD10-1
Added Pin To Net: NetName=NetHD10_1 Pin=RL9-1
Added Net: Name=NetHD10_1
Added Pin To Net: NetName=NetHD10_2 Pin=HD10-2
Added Pin To Net: NetName=NetHD10_2 Pin=RL9-5
Added Net: Name=NetHD10_2
Added Pin To Net: NetName=NetHD10_3 Pin=HD10-3
Added Pin To Net: NetName=NetHD10_3 Pin=RL9-2
Added Net: Name=NetHD10_3
Added Pin To Net: NetName=NetHD11_1 Pin=HD11-1
Added Pin To Net: NetName=NetHD11_1 Pin=RL10-1
Added Net: Name=NetHD11_1
Added Pin To Net: NetName=NetHD11_2 Pin=HD11-2
Added Pin To Net: NetName=NetHD11_2 Pin=RL10-5
Added Net: Name=NetHD11_2
Added Pin To Net: NetName=NetHD11_3 Pin=HD11-3
Added Pin To Net: NetName=NetHD11_3 Pin=RL10-2
Added Net: Name=NetHD11_3
Added Pin To Net: NetName=NetHD12_1 Pin=HD12-1
Added Pin To Net: NetName=NetHD12_1 Pin=RL11-1
Added Net: Name=NetHD12_1
Added Pin To Net: NetName=NetHD12_2 Pin=HD12-2
Added Pin To Net: NetName=NetHD12_2 Pin=RL11-5
Added Net: Name=NetHD12_2
Added Pin To Net: NetName=NetHD12_3 Pin=HD12-3
Added Pin To Net: NetName=NetHD12_3 Pin=RL11-2
Added Net: Name=NetHD12_3
Added Pin To Net: NetName=NetHD13_1 Pin=HD13-1
Added Pin To Net: NetName=NetHD13_1 Pin=RL12-1
Added Net: Name=NetHD13_1
Added Pin To Net: NetName=NetHD13_2 Pin=HD13-2
Added Pin To Net: NetName=NetHD13_2 Pin=RL12-5
Added Net: Name=NetHD13_2
Added Pin To Net: NetName=NetHD13_3 Pin=HD13-3
Added Pin To Net: NetName=NetHD13_3 Pin=RL12-2
Added Net: Name=NetHD13_3
Added Pin To Net: NetName=NetHD14_1 Pin=HD14-1
Added Pin To Net: NetName=NetHD14_1 Pin=RL13-1
Added Net: Name=NetHD14_1
Added Pin To Net: NetName=NetHD14_2 Pin=HD14-2
Added Pin To Net: NetName=NetHD14_2 Pin=RL13-5
Added Net: Name=NetHD14_2
Added Pin To Net: NetName=NetHD14_3 Pin=HD14-3
Added Pin To Net: NetName=NetHD14_3 Pin=RL13-2
Added Net: Name=NetHD14_3
Added Pin To Net: NetName=NetHD15_1 Pin=HD15-1
Added Pin To Net: NetName=NetHD15_1 Pin=RL14-1
Added Net: Name=NetHD15_1
Added Pin To Net: NetName=NetHD15_2 Pin=HD15-2
Added Pin To Net: NetName=NetHD15_2 Pin=RL14-5
Added Net: Name=NetHD15_2
Added Pin To Net: NetName=NetHD15_3 Pin=HD15-3
Added Pin To Net: NetName=NetHD15_3 Pin=RL14-2
Added Net: Name=NetHD15_3
Added Pin To Net: NetName=NetHD16_1 Pin=HD16-1
Added Pin To Net: NetName=NetHD16_1 Pin=RL15-1
Added Net: Name=NetHD16_1
Added Pin To Net: NetName=NetHD16_2 Pin=HD16-2
Added Pin To Net: NetName=NetHD16_2 Pin=RL15-5
Added Net: Name=NetHD16_2
Added Pin To Net: NetName=NetHD16_3 Pin=HD16-3
Added Pin To Net: NetName=NetHD16_3 Pin=RL15-2
Added Net: Name=NetHD16_3
Added Pin To Net: NetName=NetHD17_1 Pin=HD17-1
Added Pin To Net: NetName=NetHD17_1 Pin=RL16-1
Added Net: Name=NetHD17_1
Added Pin To Net: NetName=NetHD17_2 Pin=HD17-2
Added Pin To Net: NetName=NetHD17_2 Pin=RL16-5
Added Net: Name=NetHD17_2
Added Pin To Net: NetName=NetHD17_3 Pin=HD17-3
Added Pin To Net: NetName=NetHD17_3 Pin=RL16-2
Added Net: Name=NetHD17_3
Added Pin To Net: NetName=NetR16_2 Pin=R16-2
Added Pin To Net: NetName=NetR16_2 Pin=U5-1
Added Net: Name=NetR16_2
Added Pin To Net: NetName=NetR17_2 Pin=R17-2
Added Pin To Net: NetName=NetR17_2 Pin=U6-1
Added Net: Name=NetR17_2
Added Pin To Net: NetName=NetR18_2 Pin=R18-2
Added Pin To Net: NetName=NetR18_2 Pin=U7-1
Added Net: Name=NetR18_2
Added Pin To Net: NetName=NetR19_2 Pin=R19-2
Added Pin To Net: NetName=NetR19_2 Pin=U8-1
Added Net: Name=NetR19_2
Added Pin To Net: NetName=NetR28_2 Pin=R28-2
Added Pin To Net: NetName=NetR28_2 Pin=U9-1
Added Net: Name=NetR28_2
Added Pin To Net: NetName=NetR29_2 Pin=R29-2
Added Pin To Net: NetName=NetR29_2 Pin=U10-1
Added Net: Name=NetR29_2
Added Pin To Net: NetName=NetR30_2 Pin=R30-2
Added Pin To Net: NetName=NetR30_2 Pin=U11-1
Added Net: Name=NetR30_2
Added Pin To Net: NetName=NetR31_2 Pin=R31-2
Added Pin To Net: NetName=NetR31_2 Pin=U12-1
Added Net: Name=NetR31_2
Added Pin To Net: NetName=NetR40_2 Pin=R40-2
Added Pin To Net: NetName=NetR40_2 Pin=U13-1
Added Net: Name=NetR40_2
Added Pin To Net: NetName=NetR41_2 Pin=R41-2
Added Pin To Net: NetName=NetR41_2 Pin=U14-1
Added Net: Name=NetR41_2
Added Pin To Net: NetName=NetR42_2 Pin=R42-2
Added Pin To Net: NetName=NetR42_2 Pin=U15-1
Added Net: Name=NetR42_2
Added Pin To Net: NetName=NetR43_2 Pin=R43-2
Added Pin To Net: NetName=NetR43_2 Pin=U16-1
Added Net: Name=NetR43_2
Added Pin To Net: NetName=NetR52_2 Pin=R52-2
Added Pin To Net: NetName=NetR52_2 Pin=U17-1
Added Net: Name=NetR52_2
Added Pin To Net: NetName=NetR53_2 Pin=R53-2
Added Pin To Net: NetName=NetR53_2 Pin=U18-1
Added Net: Name=NetR53_2
Added Pin To Net: NetName=NetR54_2 Pin=R54-2
Added Pin To Net: NetName=NetR54_2 Pin=U19-1
Added Net: Name=NetR54_2
Added Pin To Net: NetName=NetR55_2 Pin=R55-2
Added Pin To Net: NetName=NetR55_2 Pin=U20-1
Added Net: Name=NetR55_2
Added Pin To Net: NetName=NetR56_2 Pin=R56-2
Added Pin To Net: NetName=NetR56_2 Pin=U21-1
Added Net: Name=NetR56_2
Added Pin To Net: NetName=NetR57_2 Pin=R57-2
Added Pin To Net: NetName=NetR57_2 Pin=U22-1
Added Net: Name=NetR57_2
Added Pin To Net: NetName=NetR58_2 Pin=R58-2
Added Pin To Net: NetName=NetR58_2 Pin=U23-1
Added Net: Name=NetR58_2
Added Pin To Net: NetName=NetR59_2 Pin=R59-2
Added Pin To Net: NetName=NetR59_2 Pin=U24-1
Added Net: Name=NetR59_2
Added Pin To Net: NetName=NRST Pin=C20-1
Added Pin To Net: NetName=NRST Pin=R4-1
Added Pin To Net: NetName=NRST Pin=SW1-2
Added Net: Name=NRST
Added Pin To Net: NetName=OPTO1 Pin=U5-2
Added Net: Name=OPTO1
Added Pin To Net: NetName=OPTO2 Pin=U6-2
Added Net: Name=OPTO2
Added Pin To Net: NetName=OPTO3 Pin=U7-2
Added Net: Name=OPTO3
Added Pin To Net: NetName=OPTO4 Pin=U8-2
Added Net: Name=OPTO4
Added Pin To Net: NetName=OPTO5 Pin=U9-2
Added Net: Name=OPTO5
Added Pin To Net: NetName=OPTO6 Pin=U10-2
Added Net: Name=OPTO6
Added Pin To Net: NetName=OPTO7 Pin=U11-2
Added Net: Name=OPTO7
Added Pin To Net: NetName=OPTO8 Pin=U12-2
Added Net: Name=OPTO8
Added Pin To Net: NetName=OPTO9 Pin=U13-2
Added Net: Name=OPTO9
Added Pin To Net: NetName=OPTO10 Pin=U14-2
Added Net: Name=OPTO10
Added Pin To Net: NetName=OPTO11 Pin=U15-2
Added Net: Name=OPTO11
Added Pin To Net: NetName=OPTO12 Pin=U16-2
Added Net: Name=OPTO12
Added Pin To Net: NetName=OPTO13 Pin=U17-2
Added Net: Name=OPTO13
Added Pin To Net: NetName=OPTO14 Pin=U18-2
Added Net: Name=OPTO14
Added Pin To Net: NetName=OPTO15 Pin=U19-2
Added Net: Name=OPTO15
Added Pin To Net: NetName=OPTO16 Pin=U20-2
Added Net: Name=OPTO16
Added Pin To Net: NetName=SPI_CS Pin=JP1-2
Added Net: Name=SPI_CS
Added Pin To Net: NetName=SPI_MISO Pin=JP1-4
Added Net: Name=SPI_MISO
Added Pin To Net: NetName=SPI_MOSI Pin=JP1-3
Added Net: Name=SPI_MOSI
Added Pin To Net: NetName=SPI_SCK Pin=JP1-5
Added Net: Name=SPI_SCK
Added Net: Name=SWCK
Added Net: Name=SWDO
Added Pin To Net: NetName=UART_RX Pin=JP3-3
Added Net: Name=UART_RX
Added Pin To Net: NetName=UART_TX Pin=JP3-2
Added Net: Name=UART_TX
Added Pin To Net: NetName=VBAT Pin=BT1-1
Added Net: Name=VBAT
Added Pin To Net: NetName=VCC_ISO Pin=*2-4
Added Pin To Net: NetName=VCC_ISO Pin=C4-1
Added Pin To Net: NetName=VCC_ISO Pin=C6-1
Added Pin To Net: NetName=VCC_ISO Pin=R16-1
Added Pin To Net: NetName=VCC_ISO Pin=R17-1
Added Pin To Net: NetName=VCC_ISO Pin=R18-1
Added Pin To Net: NetName=VCC_ISO Pin=R19-1
Added Pin To Net: NetName=VCC_ISO Pin=R28-1
Added Pin To Net: NetName=VCC_ISO Pin=R29-1
Added Pin To Net: NetName=VCC_ISO Pin=R30-1
Added Pin To Net: NetName=VCC_ISO Pin=R31-1
Added Pin To Net: NetName=VCC_ISO Pin=R40-1
Added Pin To Net: NetName=VCC_ISO Pin=R41-1
Added Pin To Net: NetName=VCC_ISO Pin=R42-1
Added Pin To Net: NetName=VCC_ISO Pin=R43-1
Added Pin To Net: NetName=VCC_ISO Pin=R52-1
Added Pin To Net: NetName=VCC_ISO Pin=R53-1
Added Pin To Net: NetName=VCC_ISO Pin=R54-1
Added Pin To Net: NetName=VCC_ISO Pin=R55-1
Added Pin To Net: NetName=VCC_ISO Pin=U1-3
Added Net: Name=VCC_ISO
Added Pin To Net: NetName=VCC Pin=*2-2
Added Pin To Net: NetName=VCC Pin=C8-1
Added Pin To Net: NetName=VCC Pin=D2-2
Added Pin To Net: NetName=VCC Pin=D3-2
Added Pin To Net: NetName=VCC Pin=D4-2
Added Pin To Net: NetName=VCC Pin=D5-2
Added Pin To Net: NetName=VCC Pin=D10-2
Added Pin To Net: NetName=VCC Pin=D11-2
Added Pin To Net: NetName=VCC Pin=D12-2
Added Pin To Net: NetName=VCC Pin=D13-2
Added Pin To Net: NetName=VCC Pin=D18-2
Added Pin To Net: NetName=VCC Pin=D19-2
Added Pin To Net: NetName=VCC Pin=D20-2
Added Pin To Net: NetName=VCC Pin=D21-2
Added Pin To Net: NetName=VCC Pin=D26-2
Added Pin To Net: NetName=VCC Pin=D27-2
Added Pin To Net: NetName=VCC Pin=D28-2
Added Pin To Net: NetName=VCC Pin=D29-2
Added Pin To Net: NetName=VCC Pin=R8-2
Added Pin To Net: NetName=VCC Pin=R9-2
Added Pin To Net: NetName=VCC Pin=R10-2
Added Pin To Net: NetName=VCC Pin=R11-2
Added Pin To Net: NetName=VCC Pin=R12-2
Added Pin To Net: NetName=VCC Pin=R13-2
Added Pin To Net: NetName=VCC Pin=R14-2
Added Pin To Net: NetName=VCC Pin=R15-2
Added Pin To Net: NetName=VCC Pin=R20-2
Added Pin To Net: NetName=VCC Pin=R21-2
Added Pin To Net: NetName=VCC Pin=R22-2
Added Pin To Net: NetName=VCC Pin=R23-2
Added Pin To Net: NetName=VCC Pin=R24-2
Added Pin To Net: NetName=VCC Pin=R25-2
Added Pin To Net: NetName=VCC Pin=R26-2
Added Pin To Net: NetName=VCC Pin=R27-2
Added Pin To Net: NetName=VCC Pin=R32-2
Added Pin To Net: NetName=VCC Pin=R33-2
Added Pin To Net: NetName=VCC Pin=R34-2
Added Pin To Net: NetName=VCC Pin=R35-2
Added Pin To Net: NetName=VCC Pin=R36-2
Added Pin To Net: NetName=VCC Pin=R37-2
Added Pin To Net: NetName=VCC Pin=R38-2
Added Pin To Net: NetName=VCC Pin=R39-2
Added Pin To Net: NetName=VCC Pin=R44-2
Added Pin To Net: NetName=VCC Pin=R45-2
Added Pin To Net: NetName=VCC Pin=R46-2
Added Pin To Net: NetName=VCC Pin=R47-2
Added Pin To Net: NetName=VCC Pin=R48-2
Added Pin To Net: NetName=VCC Pin=R49-2
Added Pin To Net: NetName=VCC Pin=R50-2
Added Pin To Net: NetName=VCC Pin=R51-2
Added Pin To Net: NetName=VCC Pin=R56-1
Added Pin To Net: NetName=VCC Pin=R57-1
Added Pin To Net: NetName=VCC Pin=R58-1
Added Pin To Net: NetName=VCC Pin=R59-1
Added Pin To Net: NetName=VCC Pin=RL1-3
Added Pin To Net: NetName=VCC Pin=RL2-3
Added Pin To Net: NetName=VCC Pin=RL3-3
Added Pin To Net: NetName=VCC Pin=RL4-3
Added Pin To Net: NetName=VCC Pin=RL5-3
Added Pin To Net: NetName=VCC Pin=RL6-3
Added Pin To Net: NetName=VCC Pin=RL7-3
Added Pin To Net: NetName=VCC Pin=RL8-3
Added Pin To Net: NetName=VCC Pin=RL9-3
Added Pin To Net: NetName=VCC Pin=RL10-3
Added Pin To Net: NetName=VCC Pin=RL11-3
Added Pin To Net: NetName=VCC Pin=RL12-3
Added Pin To Net: NetName=VCC Pin=RL13-3
Added Pin To Net: NetName=VCC Pin=RL14-3
Added Pin To Net: NetName=VCC Pin=RL15-3
Added Pin To Net: NetName=VCC Pin=RL16-3
Added Net: Name=VCC
Added Class: Name=Module_Relay_UART_CAN
Added Room: Name=Module_Relay_UART_CAN
