Change Component Footprint: Designator=U1 Old Footprint=AP1117_3V3 New Footprint=SOT223_L
Added Component: Designator=*1(LQFP48_N)
Added Pin To Net: NetName=VBAT Pin=*1-1
Added Pin To Net: NetName=OPTO16 Pin=*1-2
Added Pin To Net: NetName=LS_XTAL3 Pin=*1-3
Added Pin To Net: NetName=LS_XTAL2 Pin=*1-4
Added Pin To Net: NetName=HS_XTAL1 Pin=*1-5
Added Pin To Net: NetName=HS_XTAL2 Pin=*1-6
Added Pin To Net: NetName=NRST Pin=*1-7
Added Pin To Net: NetName=GND_ISO Pin=*1-8
Added Pin To Net: NetName=3.3V_ISO Pin=*1-9
Added Pin To Net: NetName=INPUT1 Pin=*1-10
Added Pin To Net: NetName=INPUT2 Pin=*1-11
Added Pin To Net: NetName=INPUT3 Pin=*1-12
Added Pin To Net: NetName=INPUT4 Pin=*1-13
Added Pin To Net: NetName=SPI_CS Pin=*1-14
Added Pin To Net: NetName=SPI_SCK Pin=*1-15
Added Pin To Net: NetName=SPI_MISO Pin=*1-16
Added Pin To Net: NetName=SPI_MOSI Pin=*1-17
Added Pin To Net: NetName=OPTO1 Pin=*1-18
Added Pin To Net: NetName=OPTO2 Pin=*1-19
Added Pin To Net: NetName=BOOT1 Pin=*1-20
Added Pin To Net: NetName=OPTO3 Pin=*1-21
Added Pin To Net: NetName=OPTO4 Pin=*1-22
Added Pin To Net: NetName=GND_ISO Pin=*1-23
Added Pin To Net: NetName=3.3V_ISO Pin=*1-24
Added Pin To Net: NetName=OPTO5 Pin=*1-25
Added Pin To Net: NetName=OPTO6 Pin=*1-26
Added Pin To Net: NetName=OPTO7 Pin=*1-27
Added Pin To Net: NetName=OPTO8 Pin=*1-28
Added Pin To Net: NetName=OPTO9 Pin=*1-29
Added Pin To Net: NetName=UART_TX Pin=*1-30
Added Pin To Net: NetName=UART_RX Pin=*1-31
Added Pin To Net: NetName=CAN_RX Pin=*1-32
Added Pin To Net: NetName=CAN_TX Pin=*1-33
Added Pin To Net: NetName=SWDO Pin=*1-34
Added Pin To Net: NetName=GND_ISO Pin=*1-35
Added Pin To Net: NetName=3.3V_ISO Pin=*1-36
Added Pin To Net: NetName=SWCK Pin=*1-37
Added Pin To Net: NetName=OPTO10 Pin=*1-38
Added Pin To Net: NetName=OPTO11 Pin=*1-39
Added Pin To Net: NetName=OPTO12 Pin=*1-40
Added Pin To Net: NetName=OPTO13 Pin=*1-41
Added Pin To Net: NetName=I2C_SCL Pin=*1-42
Added Pin To Net: NetName=I2C_SCK Pin=*1-43
Added Pin To Net: NetName=BOOT0 Pin=*1-44
Added Pin To Net: NetName=OPTO14 Pin=*1-45
Added Pin To Net: NetName=OPTO15 Pin=*1-46
Added Pin To Net: NetName=GND_ISO Pin=*1-47
Added Pin To Net: NetName=3.3V_ISO Pin=*1-48
Added Member To Class: ClassName=Module_Relay_UART_CAN Member=Component *1 STM32F103CxT6
